TN:
SF:src/App.jsx
FN:14,(anonymous_0)
FN:15,(anonymous_1)
FN:16,(anonymous_2)
FN:17,(anonymous_3)
FN:18,(anonymous_4)
FN:19,(anonymous_5)
FN:20,(anonymous_6)
FN:21,(anonymous_7)
FN:23,(anonymous_8)
FN:24,(anonymous_9)
FN:25,(anonymous_10)
FN:28,(anonymous_11)
FN:31,(anonymous_12)
FN:34,(anonymous_13)
FN:35,(anonymous_14)
FN:36,(anonymous_15)
FN:38,(anonymous_16)
FN:40,(anonymous_17)
FN:42,(anonymous_18)
FN:43,(anonymous_19)
FN:44,(anonymous_20)
FN:45,(anonymous_21)
FN:47,(anonymous_22)
FN:49,(anonymous_23)
FN:51,(anonymous_24)
FN:54,(anonymous_25)
FN:57,(anonymous_26)
FN:74,(anonymous_27)
FN:78,(anonymous_28)
FN:88,(anonymous_29)
FN:96,(anonymous_30)
FN:99,(anonymous_31)
FNF:32
FNH:9
FNDA:0,(anonymous_0)
FNDA:0,(anonymous_1)
FNDA:0,(anonymous_2)
FNDA:0,(anonymous_3)
FNDA:0,(anonymous_4)
FNDA:0,(anonymous_5)
FNDA:0,(anonymous_6)
FNDA:0,(anonymous_7)
FNDA:0,(anonymous_8)
FNDA:0,(anonymous_9)
FNDA:0,(anonymous_10)
FNDA:0,(anonymous_11)
FNDA:0,(anonymous_12)
FNDA:1,(anonymous_13)
FNDA:0,(anonymous_14)
FNDA:1,(anonymous_15)
FNDA:0,(anonymous_16)
FNDA:0,(anonymous_17)
FNDA:0,(anonymous_18)
FNDA:0,(anonymous_19)
FNDA:0,(anonymous_20)
FNDA:0,(anonymous_21)
FNDA:0,(anonymous_22)
FNDA:1,(anonymous_23)
FNDA:0,(anonymous_24)
FNDA:0,(anonymous_25)
FNDA:3,(anonymous_26)
FNDA:9,(anonymous_27)
FNDA:9,(anonymous_28)
FNDA:1,(anonymous_29)
FNDA:1,(anonymous_30)
FNDA:2,(anonymous_31)
DA:14,1
DA:15,1
DA:16,1
DA:17,1
DA:18,1
DA:19,1
DA:20,1
DA:21,1
DA:23,1
DA:24,1
DA:25,1
DA:27,1
DA:28,0
DA:30,1
DA:31,0
DA:34,1
DA:35,1
DA:36,1
DA:38,1
DA:39,1
DA:40,0
DA:42,1
DA:43,1
DA:44,1
DA:45,1
DA:46,1
DA:47,0
DA:49,1
DA:50,1
DA:51,0
DA:53,1
DA:54,0
DA:57,1
DA:58,3
DA:74,1
DA:75,9
DA:76,9
DA:78,9
DA:80,9
DA:81,7
DA:82,7
DA:86,2
DA:89,1
DA:90,1
DA:91,1
DA:100,2
DA:104,9
LF:47
LH:41
BRDA:80,0,0,7
BRDA:80,0,1,2
BRF:2
BRH:2
end_of_record
TN:
SF:src/main.jsx
FN:25,(anonymous_0)
FN:32,(anonymous_1)
FNF:2
FNH:0
FNDA:0,(anonymous_0)
FNDA:0,(anonymous_1)
DA:10,6
DA:25,6
DA:27,6
DA:28,6
DA:29,1
DA:32,5
DA:33,0
DA:40,5
LF:8
LH:7
BRDA:16,0,0,1
BRDA:16,0,1,5
BRDA:28,1,0,1
BRDA:28,1,1,5
BRF:4
BRH:4
end_of_record
TN:
SF:src/api/auth.api.js
FN:4,(anonymous_0)
FN:15,(anonymous_1)
FN:20,(anonymous_2)
FN:25,(anonymous_3)
FN:33,(anonymous_4)
FN:40,(anonymous_5)
FN:45,(anonymous_6)
FN:53,(anonymous_7)
FN:62,(anonymous_8)
FN:65,(anonymous_9)
FN:70,(anonymous_10)
FNF:11
FNH:11
FNDA:3,(anonymous_0)
FNDA:3,(anonymous_1)
FNDA:3,(anonymous_2)
FNDA:3,(anonymous_3)
FNDA:1,(anonymous_4)
FNDA:3,(anonymous_5)
FNDA:4,(anonymous_6)
FNDA:3,(anonymous_7)
FNDA:3,(anonymous_8)
FNDA:1,(anonymous_9)
FNDA:1,(anonymous_10)
DA:4,253
DA:5,3
DA:12,2
DA:15,253
DA:16,3
DA:17,2
DA:20,253
DA:21,3
DA:22,2
DA:25,253
DA:26,3
DA:30,2
DA:33,253
DA:34,1
DA:37,1
DA:40,253
DA:41,3
DA:42,2
DA:45,253
DA:46,4
DA:50,2
DA:53,253
DA:54,3
DA:59,2
DA:62,253
DA:63,3
DA:65,253
DA:66,1
DA:67,1
DA:70,253
DA:71,1
DA:75,1
LF:32
LH:32
BRF:0
BRH:0
end_of_record
TN:
SF:src/api/availability.api.js
FN:6,(anonymous_0)
FN:11,(anonymous_1)
FN:19,(anonymous_2)
FN:29,(anonymous_3)
FN:34,(anonymous_4)
FN:39,(anonymous_5)
FN:43,(anonymous_6)
FN:48,(anonymous_7)
FNF:8
FNH:8
FNDA:1,(anonymous_0)
FNDA:1,(anonymous_1)
FNDA:1,(anonymous_2)
FNDA:1,(anonymous_3)
FNDA:1,(anonymous_4)
FNDA:1,(anonymous_5)
FNDA:1,(anonymous_6)
FNDA:1,(anonymous_7)
DA:6,3
DA:7,1
DA:8,1
DA:11,3
DA:12,1
DA:19,3
DA:20,1
DA:24,1
DA:29,3
DA:30,1
DA:31,1
DA:34,3
DA:35,1
DA:36,1
DA:39,3
DA:40,1
DA:43,3
DA:44,1
DA:45,1
DA:48,3
DA:49,1
DA:50,1
LF:22
LH:22
BRF:0
BRH:0
end_of_record
TN:
SF:src/api/connectRequests.api.js
FN:5,(anonymous_0)
FN:10,(anonymous_1)
FN:15,(anonymous_2)
FN:31,(anonymous_3)
FN:38,(anonymous_4)
FN:43,(anonymous_5)
FNF:6
FNH:6
FNDA:1,(anonymous_0)
FNDA:1,(anonymous_1)
FNDA:1,(anonymous_2)
FNDA:1,(anonymous_3)
FNDA:1,(anonymous_4)
FNDA:1,(anonymous_5)
DA:5,5
DA:6,1
DA:7,1
DA:10,5
DA:11,1
DA:12,1
DA:15,5
DA:22,1
DA:31,5
DA:32,1
DA:38,5
DA:39,1
DA:43,5
DA:44,1
DA:45,1
LF:15
LH:15
BRF:0
BRH:0
end_of_record
TN:
SF:src/api/escrow.api.js
FN:8,(anonymous_0)
FN:25,(anonymous_1)
FN:36,(anonymous_2)
FN:47,(anonymous_3)
FN:56,(anonymous_4)
FN:69,(anonymous_5)
FN:74,(anonymous_6)
FNF:7
FNH:7
FNDA:1,(anonymous_0)
FNDA:1,(anonymous_1)
FNDA:1,(anonymous_2)
FNDA:1,(anonymous_3)
FNDA:1,(anonymous_4)
FNDA:1,(anonymous_5)
FNDA:1,(anonymous_6)
DA:8,2
DA:13,1
DA:18,1
DA:25,2
DA:26,1
DA:29,1
DA:36,2
DA:37,1
DA:40,1
DA:47,2
DA:48,1
DA:49,1
DA:56,2
DA:61,1
DA:66,1
DA:69,2
DA:70,1
DA:71,1
DA:74,2
DA:75,1
DA:76,1
LF:21
LH:21
BRF:0
BRH:0
end_of_record
TN:
SF:src/api/goals.api.js
FN:4,(anonymous_0)
FN:9,(anonymous_1)
FN:20,(anonymous_2)
FN:25,(anonymous_3)
FN:30,(anonymous_4)
FN:37,(anonymous_5)
FNF:6
FNH:6
FNDA:1,(anonymous_0)
FNDA:1,(anonymous_1)
FNDA:1,(anonymous_2)
FNDA:1,(anonymous_3)
FNDA:2,(anonymous_4)
FNDA:1,(anonymous_5)
DA:4,2
DA:5,1
DA:6,1
DA:9,2
DA:10,1
DA:17,1
DA:20,2
DA:21,1
DA:22,1
DA:25,2
DA:26,1
DA:27,1
DA:30,2
DA:31,2
DA:35,2
DA:37,2
DA:38,1
LF:17
LH:17
BRF:0
BRH:0
end_of_record
TN:
SF:src/api/menteeProfile.api.js
FN:5,(anonymous_0)
FN:10,(anonymous_1)
FNF:2
FNH:2
FNDA:3,(anonymous_0)
FNDA:1,(anonymous_1)
DA:5,2
DA:6,3
DA:7,3
DA:10,2
DA:11,1
DA:12,1
LF:6
LH:6
BRF:0
BRH:0
end_of_record
TN:
SF:src/api/mentorProfile.api.js
FN:4,(anonymous_0)
FN:9,(anonymous_1)
FNF:2
FNH:2
FNDA:1,(anonymous_0)
FNDA:2,(anonymous_1)
DA:4,2
DA:5,1
DA:6,1
DA:9,2
DA:10,2
DA:11,1
LF:6
LH:6
BRF:0
BRH:0
end_of_record
TN:
SF:src/api/mentorSearch.api.js
FN:5,(anonymous_0)
FNF:1
FNH:1
FNDA:3,(anonymous_0)
DA:5,2
DA:6,3
DA:7,3
LF:3
LH:3
BRF:0
BRH:0
end_of_record
TN:
SF:src/api/notes.api.js
FN:5,(anonymous_0)
FN:24,(anonymous_1)
FN:30,(anonymous_2)
FN:36,(anonymous_3)
FNF:4
FNH:4
FNDA:3,(anonymous_0)
FNDA:1,(anonymous_1)
FNDA:1,(anonymous_2)
FNDA:1,(anonymous_3)
DA:5,1
DA:11,3
DA:12,3
DA:13,3
DA:14,3
DA:15,3
DA:17,3
DA:20,3
DA:24,1
DA:25,1
DA:26,1
DA:30,1
DA:31,1
DA:32,1
DA:36,1
DA:37,1
LF:16
LH:16
BRDA:8,0,0,3
BRDA:9,1,0,3
BRDA:14,2,0,1
BRDA:14,2,1,2
BRDA:15,3,0,1
BRDA:15,3,1,2
BRF:6
BRH:6
end_of_record
TN:
SF:src/api/notifications.api.js
FN:4,(anonymous_0)
FN:9,(anonymous_1)
FN:13,(anonymous_2)
FN:17,(anonymous_3)
FN:21,(anonymous_4)
FN:25,(anonymous_5)
FNF:6
FNH:6
FNDA:1,(anonymous_0)
FNDA:1,(anonymous_1)
FNDA:1,(anonymous_2)
FNDA:1,(anonymous_3)
FNDA:1,(anonymous_4)
FNDA:1,(anonymous_5)
DA:4,5
DA:5,1
DA:6,1
DA:9,5
DA:10,1
DA:13,5
DA:14,1
DA:17,5
DA:18,1
DA:21,5
DA:22,1
DA:25,5
DA:26,1
LF:13
LH:13
BRF:0
BRH:0
end_of_record
TN:
SF:src/api/privateNotes.api.js
FN:4,(anonymous_0)
FN:14,(anonymous_1)
FN:20,(anonymous_2)
FN:29,(anonymous_3)
FNF:4
FNH:4
FNDA:1,(anonymous_0)
FNDA:1,(anonymous_1)
FNDA:1,(anonymous_2)
FNDA:1,(anonymous_3)
DA:4,2
DA:5,1
DA:10,1
DA:14,2
DA:15,1
DA:16,1
DA:20,2
DA:21,1
DA:25,1
DA:29,2
DA:30,1
LF:11
LH:11
BRF:0
BRH:0
end_of_record
TN:
SF:src/api/sessions.api.js
FN:6,(anonymous_0)
FN:11,(anonymous_1)
FN:19,(anonymous_2)
FN:27,(anonymous_3)
FN:37,(anonymous_4)
FN:45,(anonymous_5)
FN:55,(anonymous_6)
FN:65,(anonymous_7)
FN:71,(anonymous_8)
FNF:9
FNH:9
FNDA:1,(anonymous_0)
FNDA:1,(anonymous_1)
FNDA:1,(anonymous_2)
FNDA:1,(anonymous_3)
FNDA:2,(anonymous_4)
FNDA:1,(anonymous_5)
FNDA:1,(anonymous_6)
FNDA:1,(anonymous_7)
FNDA:1,(anonymous_8)
DA:6,2
DA:7,1
DA:8,1
DA:11,2
DA:12,1
DA:16,1
DA:19,2
DA:20,1
DA:24,1
DA:27,2
DA:28,1
DA:34,1
DA:37,2
DA:38,2
DA:42,2
DA:45,2
DA:46,1
DA:50,1
DA:55,2
DA:56,1
DA:62,1
DA:65,2
DA:66,1
DA:71,2
DA:72,1
LF:25
LH:25
BRDA:37,0,0,2
BRF:1
BRH:1
end_of_record
TN:
SF:src/components/Home.jsx
FN:11,Home
FN:15,(anonymous_1)
FN:22,(anonymous_2)
FNF:3
FNH:3
FNDA:5,Home
FNDA:5,(anonymous_1)
FNDA:5,(anonymous_2)
DA:12,5
DA:13,5
DA:14,5
DA:15,5
DA:16,5
DA:17,4
DA:18,3
DA:20,5
DA:22,5
DA:25,5
DA:26,2
DA:32,5
LF:12
LH:12
BRDA:16,0,0,1
BRDA:16,0,1,4
BRDA:17,1,0,1
BRDA:17,1,1,3
BRDA:25,2,0,2
BRDA:25,2,1,3
BRDA:25,3,0,5
BRDA:25,3,1,4
BRDA:26,4,0,1
BRDA:26,4,1,1
BRF:10
BRH:10
end_of_record
TN:
SF:src/components/LeapBuddy.jsx
FN:95,buildSystemPrompt
FN:97,(anonymous_1)
FN:146,TypingDots
FN:156,(anonymous_3)
FN:182,LeapBuddy
FN:218,(anonymous_5)
FN:219,(anonymous_6)
FN:220,(anonymous_7)
FN:224,(anonymous_8)
FN:226,(anonymous_9)
FN:227,(anonymous_10)
FN:230,(anonymous_11)
FN:234,(anonymous_12)
FN:238,(anonymous_13)
FN:253,(anonymous_14)
FN:257,(anonymous_15)
FN:260,(anonymous_16)
FN:268,(anonymous_17)
FN:271,(anonymous_18)
FN:283,(anonymous_19)
FN:286,(anonymous_20)
FN:289,(anonymous_21)
FN:291,(anonymous_22)
FN:322,(anonymous_23)
FN:371,(anonymous_24)
FN:372,(anonymous_25)
FN:395,(anonymous_26)
FN:398,(anonymous_27)
FN:478,(anonymous_28)
FN:528,(anonymous_29)
FN:531,(anonymous_30)
FN:544,(anonymous_31)
FN:547,(anonymous_32)
FN:557,(anonymous_33)
FN:638,(anonymous_34)
FN:639,(anonymous_35)
FN:659,(anonymous_36)
FN:660,(anonymous_37)
FN:681,(anonymous_38)
FN:682,(anonymous_39)
FN:712,(anonymous_40)
FN:775,(anonymous_41)
FN:781,(anonymous_42)
FN:804,(anonymous_43)
FN:807,(anonymous_44)
FN:812,(anonymous_45)
FNF:46
FNH:41
FNDA:6,buildSystemPrompt
FNDA:51,(anonymous_1)
FNDA:8,TypingDots
FNDA:24,(anonymous_3)
FNDA:53,LeapBuddy
FNDA:12,(anonymous_5)
FNDA:2,(anonymous_6)
FNDA:12,(anonymous_7)
FNDA:15,(anonymous_8)
FNDA:1,(anonymous_9)
FNDA:2,(anonymous_10)
FNDA:25,(anonymous_11)
FNDA:6,(anonymous_12)
FNDA:6,(anonymous_13)
FNDA:5,(anonymous_14)
FNDA:5,(anonymous_15)
FNDA:2,(anonymous_16)
FNDA:2,(anonymous_17)
FNDA:1,(anonymous_18)
FNDA:2,(anonymous_19)
FNDA:2,(anonymous_20)
FNDA:1,(anonymous_21)
FNDA:1,(anonymous_22)
FNDA:0,(anonymous_23)
FNDA:10,(anonymous_24)
FNDA:10,(anonymous_25)
FNDA:0,(anonymous_26)
FNDA:0,(anonymous_27)
FNDA:1,(anonymous_28)
FNDA:51,(anonymous_29)
FNDA:1,(anonymous_30)
FNDA:0,(anonymous_31)
FNDA:0,(anonymous_32)
FNDA:72,(anonymous_33)
FNDA:1,(anonymous_34)
FNDA:1,(anonymous_35)
FNDA:1,(anonymous_36)
FNDA:1,(anonymous_37)
FNDA:1,(anonymous_38)
FNDA:1,(anonymous_39)
FNDA:2,(anonymous_40)
FNDA:7,(anonymous_41)
FNDA:1,(anonymous_42)
FNDA:1,(anonymous_43)
FNDA:1,(anonymous_44)
FNDA:4,(anonymous_45)
DA:7,1
DA:8,1
DA:9,1
DA:10,1
DA:17,1
DA:56,1
DA:96,6
DA:97,51
DA:100,6
DA:101,6
DA:102,6
DA:103,6
DA:104,6
DA:105,6
DA:106,2
DA:107,6
DA:108,2
DA:111,6
DA:112,2
DA:113,6
DA:114,2
DA:117,6
DA:121,6
DA:147,8
DA:157,24
DA:188,53
DA:197,53
DA:199,53
DA:200,53
DA:201,53
DA:209,53
DA:210,53
DA:211,53
DA:212,53
DA:213,53
DA:215,53
DA:218,53
DA:219,12
DA:220,12
DA:224,53
DA:225,15
DA:226,2
DA:227,2
DA:230,53
DA:231,25
DA:234,53
DA:235,6
DA:236,6
DA:237,6
DA:238,6
DA:239,6
DA:240,6
DA:241,6
DA:243,6
DA:244,6
DA:248,5
DA:249,6
DA:250,6
DA:251,6
DA:253,6
DA:257,6
DA:259,6
DA:260,2
DA:268,2
DA:271,1
DA:280,6
DA:283,53
DA:284,2
DA:285,2
DA:286,2
DA:287,2
DA:288,2
DA:289,1
DA:291,1
DA:296,53
DA:304,53
DA:317,53
DA:323,0
DA:324,0
DA:372,10
DA:373,10
DA:396,0
DA:399,0
DA:479,1
DA:487,1
DA:488,1
DA:489,1
DA:529,51
DA:531,1
DA:545,0
DA:548,0
DA:558,72
DA:559,72
DA:560,72
DA:639,1
DA:660,1
DA:682,1
DA:712,2
DA:776,7
DA:777,7
DA:778,7
DA:782,1
DA:783,1
DA:784,1
DA:805,1
DA:808,1
DA:812,4
LF:107
LH:101
BRDA:96,0,0,3
BRDA:96,0,1,3
BRDA:101,1,0,6
BRDA:101,1,1,0
BRDA:103,2,0,6
BRDA:103,2,1,0
BRDA:105,3,0,2
BRDA:105,3,1,4
BRDA:107,4,0,2
BRDA:107,4,1,4
BRDA:111,5,0,2
BRDA:111,5,1,4
BRDA:113,6,0,2
BRDA:113,6,1,4
BRDA:117,7,0,6
BRDA:117,7,1,0
BRDA:183,8,0,53
BRDA:184,9,0,53
BRDA:185,10,0,53
BRDA:189,11,0,53
BRDA:189,11,1,5
BRDA:190,12,0,53
BRDA:190,12,1,5
BRDA:191,13,0,53
BRDA:191,13,1,33
BRDA:192,14,0,53
BRDA:192,14,1,33
BRDA:193,15,0,53
BRDA:193,15,1,36
BRDA:194,16,0,53
BRDA:194,16,1,36
BRDA:197,17,0,53
BRDA:197,17,1,5
BRDA:204,18,0,48
BRDA:204,18,1,5
BRDA:225,19,0,13
BRDA:225,19,1,2
BRDA:235,20,0,0
BRDA:235,20,1,6
BRDA:235,21,0,6
BRDA:235,21,1,6
BRDA:248,22,0,5
BRDA:248,22,1,0
BRDA:259,23,0,2
BRDA:259,23,1,4
BRDA:263,24,0,2
BRDA:263,24,1,0
BRDA:285,25,0,0
BRDA:285,25,1,2
BRDA:285,26,0,2
BRDA:285,26,1,2
BRDA:285,26,2,2
BRDA:296,27,0,23
BRDA:296,27,1,30
BRDA:320,28,0,53
BRDA:320,28,1,2
BRDA:320,28,2,2
BRDA:350,29,0,1
BRDA:350,29,1,1
BRDA:392,30,0,38
BRDA:392,30,1,15
BRDA:402,31,0,38
BRDA:402,31,1,15
BRDA:406,32,0,53
BRDA:406,32,1,38
BRDA:482,33,0,1
BRDA:482,33,1,0
BRDA:519,34,0,38
BRDA:519,34,1,17
BRDA:566,35,0,21
BRDA:566,35,1,51
BRDA:574,36,0,21
BRDA:574,36,1,51
BRDA:577,37,0,21
BRDA:577,37,1,51
BRDA:578,38,0,21
BRDA:578,38,1,51
BRDA:581,39,0,21
BRDA:581,39,1,51
BRDA:589,40,0,72
BRDA:589,40,1,9
BRDA:589,40,2,9
BRDA:602,41,0,1
BRDA:602,41,1,8
BRDA:637,42,0,8
BRDA:637,42,1,0
BRDA:658,43,0,8
BRDA:658,43,1,0
BRDA:680,44,0,8
BRDA:680,44,1,0
BRDA:700,45,0,8
BRDA:700,45,1,1
BRDA:718,46,0,2
BRDA:718,46,1,6
BRDA:724,47,0,2
BRDA:724,47,1,6
BRDA:731,48,0,2
BRDA:731,48,1,6
BRDA:562,49,0,12
BRDA:562,49,1,60
BRDA:744,50,0,38
BRDA:744,50,1,8
BRDA:782,51,0,1
BRDA:782,51,1,0
BRDA:782,52,0,1
BRDA:782,52,1,1
BRDA:813,53,0,38
BRDA:813,53,1,30
BRDA:819,54,0,31
BRDA:819,54,1,7
BRDA:819,55,0,38
BRDA:819,55,1,30
BRDA:821,56,0,31
BRDA:821,56,1,7
BRDA:821,57,0,38
BRDA:821,57,1,30
BRDA:823,58,0,31
BRDA:823,58,1,7
BRDA:823,59,0,38
BRDA:823,59,1,30
BRF:120
BRH:108
end_of_record
TN:
SF:src/components/admin/AdminLayout.jsx
FN:179,(anonymous_0)
FN:186,(anonymous_1)
FN:187,(anonymous_2)
FN:199,(anonymous_3)
FN:200,(anonymous_4)
FN:214,(anonymous_5)
FN:217,(anonymous_6)
FN:232,(anonymous_7)
FN:319,(anonymous_8)
FN:325,(anonymous_9)
FN:330,(anonymous_10)
FN:339,(anonymous_11)
FN:434,(anonymous_12)
FNF:13
FNH:13
FNDA:11,(anonymous_0)
FNDA:5,(anonymous_1)
FNDA:5,(anonymous_2)
FNDA:5,(anonymous_3)
FNDA:6,(anonymous_4)
FNDA:5,(anonymous_5)
FNDA:2,(anonymous_6)
FNDA:1,(anonymous_7)
FNDA:22,(anonymous_8)
FNDA:88,(anonymous_9)
FNDA:88,(anonymous_10)
FNDA:88,(anonymous_11)
FNDA:1,(anonymous_12)
DA:7,1
DA:179,1
DA:180,11
DA:181,11
DA:182,11
DA:183,11
DA:186,11
DA:187,5
DA:188,5
DA:189,5
DA:190,5
DA:195,5
DA:199,11
DA:200,5
DA:201,6
DA:202,6
DA:205,6
DA:211,5
DA:213,5
DA:214,5
DA:217,11
DA:218,2
DA:221,2
DA:224,1
DA:229,2
DA:232,11
DA:234,11
DA:320,22
DA:326,88
DA:331,88
DA:340,88
DA:434,1
LF:32
LH:32
BRDA:190,0,0,5
BRDA:190,0,1,0
BRDA:205,1,0,6
BRDA:205,1,1,0
BRDA:242,2,0,11
BRDA:242,2,1,1
BRDA:263,3,0,1
BRDA:263,3,1,10
BRDA:333,4,0,0
BRDA:333,4,1,88
BRDA:342,5,0,0
BRDA:342,5,1,88
BRDA:347,6,0,0
BRDA:347,6,1,88
BRDA:353,7,0,88
BRDA:353,7,1,0
BRDA:353,7,2,0
BRDA:353,7,3,0
BRDA:361,8,0,0
BRDA:361,8,1,0
BRDA:385,9,0,11
BRDA:385,9,1,0
BRF:22
BRH:11
end_of_record
TN:
SF:src/components/admin/AdminRoute.jsx
FN:8,(anonymous_0)
FN:20,(anonymous_1)
FN:28,(anonymous_2)
FN:29,(anonymous_3)
FNF:4
FNH:4
FNDA:3,(anonymous_0)
FNDA:5,(anonymous_1)
FNDA:3,(anonymous_2)
FNDA:3,(anonymous_3)
DA:8,1
DA:9,3
DA:20,1
DA:26,5
DA:28,5
DA:29,3
DA:30,3
DA:31,3
DA:32,1
DA:34,1
DA:37,3
DA:40,5
DA:41,2
DA:42,1
DA:44,1
LF:15
LH:15
BRDA:40,0,0,3
BRDA:40,0,1,2
BRDA:41,1,0,1
BRDA:41,1,1,1
BRF:4
BRH:4
end_of_record
TN:
SF:src/components/admin/AdminSupportMessages.jsx
FN:11,AdminSupportMessages
FN:19,(anonymous_1)
FN:36,(anonymous_2)
FN:40,(anonymous_3)
FN:45,(anonymous_4)
FN:46,(anonymous_5)
FN:56,(anonymous_6)
FN:58,(anonymous_7)
FN:59,(anonymous_8)
FN:115,(anonymous_9)
FN:145,(anonymous_10)
FN:163,(anonymous_11)
FN:275,(anonymous_12)
FNF:13
FNH:13
FNDA:28,AdminSupportMessages
FNDA:9,(anonymous_1)
FNDA:8,(anonymous_2)
FNDA:2,(anonymous_3)
FNDA:1,(anonymous_4)
FNDA:3,(anonymous_5)
FNDA:44,(anonymous_6)
FNDA:44,(anonymous_7)
FNDA:44,(anonymous_8)
FNDA:84,(anonymous_9)
FNDA:40,(anonymous_10)
FNDA:4,(anonymous_11)
FNDA:2,(anonymous_12)
DA:6,1
DA:12,28
DA:13,28
DA:14,28
DA:15,28
DA:16,28
DA:17,28
DA:19,28
DA:20,9
DA:21,9
DA:22,9
DA:23,9
DA:24,6
DA:26,2
DA:32,8
DA:36,28
DA:37,8
DA:40,28
DA:41,2
DA:42,2
DA:43,2
DA:44,2
DA:45,1
DA:46,3
DA:49,1
DA:51,2
DA:55,28
DA:56,44
DA:58,44
DA:59,44
DA:61,28
DA:63,28
DA:64,28
DA:65,9
DA:70,19
DA:71,2
DA:72,17
DA:73,2
DA:80,28
DA:116,84
DA:146,40
DA:147,40
DA:148,40
DA:150,40
DA:163,4
DA:275,2
LF:46
LH:46
BRDA:24,0,0,6
BRDA:24,0,1,0
BRDA:27,1,0,2
BRDA:27,1,1,1
BRDA:27,1,2,0
BRDA:41,2,0,0
BRDA:41,2,1,2
BRDA:46,3,0,1
BRDA:46,3,1,2
BRDA:56,4,0,44
BRDA:56,4,1,7
BRDA:61,5,0,25
BRDA:61,5,1,3
BRDA:64,6,0,9
BRDA:64,6,1,19
BRDA:70,7,0,2
BRDA:70,7,1,17
BRDA:72,8,0,2
BRDA:72,8,1,15
BRDA:143,9,0,28
BRDA:143,9,1,15
BRDA:148,10,0,40
BRDA:148,10,1,0
BRDA:156,11,0,7
BRDA:156,11,1,33
BRDA:163,12,0,1
BRDA:163,12,1,3
BRDA:185,13,0,13
BRDA:185,13,1,27
BRDA:186,14,0,13
BRDA:186,14,1,27
BRDA:190,15,0,40
BRDA:190,15,1,13
BRDA:249,16,0,7
BRDA:249,16,1,33
BRDA:255,17,0,40
BRDA:255,17,1,7
BRDA:273,18,0,7
BRDA:273,18,1,6
BRDA:281,19,0,2
BRDA:281,19,1,4
BRDA:284,20,0,2
BRDA:284,20,1,4
BRDA:290,21,0,2
BRDA:290,21,1,4
BRDA:294,22,0,2
BRDA:294,22,1,4
BRF:47
BRH:43
end_of_record
TN:
SF:src/components/admin/LeapRequests.jsx
FN:10,(anonymous_0)
FN:13,(anonymous_1)
FN:18,(anonymous_2)
FN:36,(anonymous_3)
FN:41,(anonymous_4)
FN:59,(anonymous_5)
FN:190,(anonymous_6)
FN:197,(anonymous_7)
FN:204,(anonymous_8)
FN:214,(anonymous_9)
FN:252,(anonymous_10)
FN:266,(anonymous_11)
FN:286,(anonymous_12)
FN:293,(anonymous_13)
FN:295,(anonymous_14)
FN:298,(anonymous_15)
FN:310,(anonymous_16)
FN:314,(anonymous_17)
FN:327,(anonymous_18)
FN:377,(anonymous_19)
FN:437,(anonymous_20)
FN:440,(anonymous_21)
FNF:22
FNH:22
FNDA:26,(anonymous_0)
FNDA:51,(anonymous_1)
FNDA:26,(anonymous_2)
FNDA:26,(anonymous_3)
FNDA:78,(anonymous_4)
FNDA:26,(anonymous_5)
FNDA:1,(anonymous_6)
FNDA:3,(anonymous_7)
FNDA:1,(anonymous_8)
FNDA:2,(anonymous_9)
FNDA:4,(anonymous_10)
FNDA:36,(anonymous_11)
FNDA:36,(anonymous_12)
FNDA:5,(anonymous_13)
FNDA:1,(anonymous_14)
FNDA:16,(anonymous_15)
FNDA:13,(anonymous_16)
FNDA:2,(anonymous_17)
FNDA:3,(anonymous_18)
FNDA:20,(anonymous_19)
FNDA:108,(anonymous_20)
FNDA:1,(anonymous_21)
DA:10,1
DA:11,26
DA:13,51
DA:18,1
DA:19,26
DA:20,26
DA:21,26
DA:22,3
DA:23,3
DA:24,1
DA:27,1
DA:36,1
DA:37,26
DA:41,1
DA:42,78
DA:59,1
DA:60,26
DA:61,26
DA:62,26
DA:63,26
DA:68,26
DA:69,26
DA:70,26
DA:73,26
DA:74,26
DA:75,1
DA:76,25
DA:77,19
DA:79,26
DA:97,26
DA:190,1
DA:197,3
DA:204,1
DA:214,2
DA:252,4
DA:266,1
DA:267,36
DA:286,1
DA:287,36
DA:288,36
DA:289,36
DA:290,36
DA:291,36
DA:293,36
DA:294,5
DA:295,5
DA:298,36
DA:299,16
DA:300,16
DA:301,16
DA:302,14
DA:304,1
DA:306,15
DA:310,36
DA:311,13
DA:314,36
DA:315,2
DA:316,2
DA:317,2
DA:318,1
DA:319,1
DA:321,1
DA:323,2
DA:327,36
DA:328,3
DA:329,3
DA:330,3
DA:333,2
DA:334,2
DA:336,1
DA:338,3
DA:342,36
DA:349,36
DA:350,12
DA:357,24
DA:358,4
DA:377,20
DA:378,20
DA:387,36
DA:438,108
DA:440,1
DA:460,1
DA:467,1
DA:488,1
LF:84
LH:84
BRDA:10,0,0,26
BRDA:21,1,0,23
BRDA:21,1,1,3
BRDA:23,2,0,2
BRDA:23,2,1,1
BRDA:36,3,0,26
BRDA:37,4,0,26
BRDA:37,4,1,0
BRDA:62,5,0,26
BRDA:62,5,1,1
BRDA:63,6,0,26
BRDA:63,6,1,1
BRDA:65,7,0,26
BRDA:66,8,0,26
BRDA:67,9,0,26
BRDA:68,10,0,26
BRDA:68,10,1,1
BRDA:69,11,0,26
BRDA:69,11,1,1
BRDA:74,12,0,1
BRDA:74,12,1,25
BRDA:76,13,0,19
BRDA:76,13,1,6
BRDA:171,14,0,26
BRDA:171,14,1,1
BRDA:186,15,0,12
BRDA:186,15,1,14
BRDA:220,16,0,2
BRDA:220,16,1,12
BRDA:293,17,0,5
BRDA:302,18,0,14
BRDA:302,18,1,0
BRDA:321,19,0,1
BRDA:321,19,1,0
BRDA:336,20,0,1
BRDA:336,20,1,0
BRDA:349,21,0,12
BRDA:349,21,1,24
BRDA:357,22,0,4
BRDA:357,22,1,20
BRDA:370,23,0,2
BRDA:370,23,1,2
BRDA:390,24,0,36
BRDA:390,24,1,5
BRDA:393,25,0,2
BRDA:393,25,1,3
BRDA:395,26,0,2
BRDA:395,26,1,3
BRDA:442,27,0,36
BRDA:442,27,1,72
BRF:50
BRH:46
end_of_record
TN:
SF:src/components/admin/common/MentorIndustryChart.jsx
FN:21,(anonymous_0)
FN:29,(anonymous_1)
FN:29,(anonymous_2)
FN:39,(anonymous_3)
FN:72,(anonymous_4)
FN:96,(anonymous_5)
FN:104,(anonymous_6)
FN:130,(anonymous_7)
FN:131,(anonymous_8)
FN:134,(anonymous_9)
FN:162,(anonymous_10)
FNF:11
FNH:11
FNDA:5,(anonymous_0)
FNDA:16,(anonymous_1)
FNDA:10,(anonymous_2)
FNDA:15,(anonymous_3)
FNDA:5,(anonymous_4)
FNDA:5,(anonymous_5)
FNDA:6,(anonymous_6)
FNDA:12,(anonymous_7)
FNDA:12,(anonymous_8)
FNDA:12,(anonymous_9)
FNDA:12,(anonymous_10)
DA:4,1
DA:21,1
DA:22,5
DA:25,4
DA:26,4
DA:27,4
DA:29,16
DA:32,5
DA:33,5
DA:34,16
DA:35,4
DA:39,1
DA:40,15
DA:41,10
DA:42,10
DA:66,1
DA:72,1
DA:73,5
DA:91,1
DA:96,1
DA:97,5
DA:99,1
DA:104,1
DA:105,6
DA:106,1
DA:130,12
DA:131,12
DA:132,5
DA:133,5
DA:134,12
DA:138,5
DA:139,5
DA:140,4
DA:141,1
DA:142,1
DA:144,5
DA:163,12
DA:233,1
LF:38
LH:38
BRDA:22,0,0,1
BRDA:22,0,1,4
BRDA:29,1,0,4
BRDA:29,1,1,0
BRDA:40,2,0,5
BRDA:40,2,1,10
BRDA:40,3,0,15
BRDA:40,3,1,10
BRDA:61,4,0,5
BRDA:61,4,1,5
BRDA:104,5,0,6
BRDA:105,6,0,1
BRDA:105,6,1,5
BRDA:139,7,0,4
BRDA:139,7,1,1
BRDA:141,8,0,1
BRDA:141,8,1,0
BRDA:156,9,0,1
BRDA:156,9,1,4
BRDA:156,10,0,2
BRDA:156,10,1,3
BRF:21
BRH:19
end_of_record
TN:
SF:src/components/admin/common/UserGrowthChart.jsx
FN:5,(anonymous_0)
FN:9,(anonymous_1)
FN:10,(anonymous_2)
FN:25,(anonymous_3)
FN:34,(anonymous_4)
FN:51,(anonymous_5)
FN:65,(anonymous_6)
FN:93,(anonymous_7)
FN:96,(anonymous_8)
FN:115,(anonymous_9)
FN:124,(anonymous_10)
FN:159,(anonymous_11)
FN:167,(anonymous_12)
FN:235,(anonymous_13)
FN:238,(anonymous_14)
FNF:15
FNH:15
FNDA:8,(anonymous_0)
FNDA:189,(anonymous_1)
FNDA:189,(anonymous_2)
FNDA:9,(anonymous_3)
FNDA:7,(anonymous_4)
FNDA:189,(anonymous_5)
FNDA:32,(anonymous_6)
FNDA:24,(anonymous_7)
FNDA:2,(anonymous_8)
FNDA:1,(anonymous_9)
FNDA:32,(anonymous_10)
FNDA:189,(anonymous_11)
FNDA:1,(anonymous_12)
FNDA:189,(anonymous_13)
FNDA:45,(anonymous_14)
DA:5,1
DA:6,8
DA:7,8
DA:9,189
DA:10,189
DA:12,8
DA:13,8
DA:14,181
DA:15,181
DA:16,181
DA:18,8
DA:21,1
DA:22,1
DA:23,1
DA:25,1
DA:26,9
DA:27,9
DA:29,9
DA:30,9
DA:31,9
DA:32,9
DA:34,9
DA:35,7
DA:36,7
DA:39,9
DA:40,1
DA:51,189
DA:54,8
DA:56,8
DA:58,9
DA:59,9
DA:61,8
DA:62,8
DA:65,8
DA:66,32
DA:67,32
DA:68,32
DA:69,32
DA:72,8
DA:94,24
DA:96,2
DA:115,1
DA:125,32
DA:160,189
DA:167,1
DA:236,189
DA:239,45
DA:251,1
LF:48
LH:48
BRDA:6,0,0,0
BRDA:6,0,1,8
BRDA:7,1,0,8
BRDA:7,1,1,0
BRDA:25,2,0,9
BRDA:36,3,0,6
BRDA:36,3,1,1
BRDA:39,4,0,1
BRDA:39,4,1,8
BRDA:56,5,0,1
BRDA:56,5,1,7
BRDA:59,6,0,0
BRDA:59,6,1,9
BRDA:100,7,0,8
BRDA:100,7,1,16
BRDA:101,8,0,8
BRDA:101,8,1,16
BRDA:102,9,0,8
BRDA:102,9,1,16
BRDA:169,10,0,189
BRDA:169,10,1,1
BRDA:208,11,0,1
BRDA:208,11,1,0
BRDA:236,12,0,189
BRDA:236,12,1,150
BRF:25
BRH:21
end_of_record
TN:
SF:src/components/auth/AuthIcons.jsx
FN:3,(anonymous_0)
FN:9,(anonymous_1)
FN:15,(anonymous_2)
FN:36,(anonymous_3)
FNF:4
FNH:4
FNDA:163,(anonymous_0)
FNDA:1,(anonymous_1)
FNDA:163,(anonymous_2)
FNDA:154,(anonymous_3)
DA:3,4
DA:4,163
DA:9,4
DA:10,1
DA:15,4
DA:16,163
DA:36,4
DA:37,154
LF:8
LH:8
BRF:0
BRH:0
end_of_record
TN:
SF:src/components/auth/AuthLeftPanel.jsx
FN:14,(anonymous_0)
FN:29,(anonymous_1)
FN:58,(anonymous_2)
FNF:3
FNH:3
FNDA:7,(anonymous_0)
FNDA:1,(anonymous_1)
FNDA:2,(anonymous_2)
DA:14,1
DA:22,7
DA:30,1
DA:59,2
DA:75,1
LF:5
LH:5
BRDA:20,0,0,7
BRDA:39,1,0,7
BRDA:39,1,1,1
BRDA:56,2,0,7
BRDA:56,2,1,1
BRF:5
BRH:5
end_of_record
TN:
SF:src/components/auth/AuthSSOButtons.jsx
FN:4,(anonymous_0)
FN:14,(anonymous_1)
FNF:2
FNH:2
FNDA:162,(anonymous_0)
FNDA:3,(anonymous_1)
DA:4,3
DA:5,162
DA:15,3
DA:37,3
LF:4
LH:4
BRDA:9,0,0,5
BRDA:9,0,1,157
BRDA:28,1,0,162
BRDA:28,1,1,157
BRF:4
BRH:4
end_of_record
TN:
SF:src/components/auth/AuthUI.jsx
FN:8,(anonymous_0)
FN:33,(anonymous_1)
FN:49,(anonymous_2)
FN:67,(anonymous_3)
FNF:4
FNH:4
FNDA:8,(anonymous_0)
FNDA:104,(anonymous_1)
FNDA:4,(anonymous_2)
FNDA:155,(anonymous_3)
DA:8,3
DA:9,8
DA:11,7
DA:17,7
DA:25,3
DA:33,3
DA:34,104
DA:42,3
DA:49,3
DA:50,4
DA:59,3
DA:67,3
DA:68,155
DA:75,3
LF:14
LH:14
BRDA:9,0,0,1
BRDA:9,0,1,7
BRDA:19,1,0,7
BRDA:19,1,1,1
BRDA:33,2,0,104
BRDA:56,3,0,4
BRDA:56,3,1,1
BRF:7
BRH:7
end_of_record
TN:
SF:src/components/auth/LoginForm.jsx
FN:27,(anonymous_0)
FN:48,(anonymous_1)
FN:49,(anonymous_2)
FN:53,(anonymous_3)
FN:59,(anonymous_4)
FN:63,(anonymous_5)
FN:69,(anonymous_6)
FN:78,(anonymous_7)
FN:79,(anonymous_8)
FN:83,(anonymous_9)
FN:104,(anonymous_10)
FN:120,(anonymous_11)
FN:175,(anonymous_12)
FN:175,(anonymous_13)
FN:188,(anonymous_14)
FN:219,(anonymous_15)
FN:226,(anonymous_16)
FNF:17
FNH:15
FNDA:51,(anonymous_0)
FNDA:19,(anonymous_1)
FNDA:19,(anonymous_2)
FNDA:3,(anonymous_3)
FNDA:2,(anonymous_4)
FNDA:2,(anonymous_5)
FNDA:3,(anonymous_6)
FNDA:0,(anonymous_7)
FNDA:0,(anonymous_8)
FNDA:2,(anonymous_9)
FNDA:8,(anonymous_10)
FNDA:1,(anonymous_11)
FNDA:2,(anonymous_12)
FNDA:2,(anonymous_13)
FNDA:1,(anonymous_14)
FNDA:2,(anonymous_15)
FNDA:2,(anonymous_16)
DA:23,1
DA:27,1
DA:28,51
DA:29,51
DA:30,51
DA:31,51
DA:32,51
DA:34,51
DA:35,51
DA:36,51
DA:43,51
DA:48,51
DA:49,19
DA:53,51
DA:54,3
DA:59,3
DA:61,3
DA:62,2
DA:63,2
DA:65,1
DA:69,51
DA:70,3
DA:73,51
DA:78,0
DA:79,0
DA:83,51
DA:84,2
DA:85,2
DA:86,2
DA:87,2
DA:88,1
DA:89,1
DA:95,1
DA:96,1
DA:97,1
DA:104,51
DA:105,8
DA:106,8
DA:107,8
DA:109,5
DA:110,3
DA:112,2
DA:115,3
DA:116,3
DA:118,3
DA:119,1
DA:120,1
DA:121,1
DA:124,2
DA:125,1
DA:126,1
DA:133,1
DA:135,8
DA:139,51
DA:175,2
DA:188,1
DA:219,2
DA:226,2
DA:234,1
LF:59
LH:57
BRDA:61,0,0,2
BRDA:61,0,1,1
BRDA:70,1,0,3
BRDA:70,1,1,0
BRDA:84,2,0,0
BRDA:84,2,1,2
BRDA:109,3,0,3
BRDA:109,3,1,2
BRDA:112,4,0,2
BRDA:112,4,1,1
BRDA:118,5,0,1
BRDA:118,5,1,2
BRDA:118,6,0,3
BRDA:118,6,1,1
BRDA:124,7,0,1
BRDA:124,7,1,1
BRDA:141,8,0,51
BRDA:141,8,1,2
BRDA:149,9,0,51
BRDA:149,9,1,4
BRDA:158,10,0,51
BRDA:158,10,1,49
BRDA:168,11,0,1
BRDA:168,11,1,50
BRDA:176,12,0,1
BRDA:176,12,1,50
BRDA:200,13,0,1
BRDA:200,13,1,50
BRDA:226,14,0,2
BRDA:226,14,1,1
BRF:30
BRH:28
end_of_record
TN:
SF:src/components/auth/LoginLeftPanel.jsx
FN:4,(anonymous_0)
FNF:1
FNH:1
FNDA:4,(anonymous_0)
DA:4,1
DA:5,4
DA:7,4
DA:48,1
LF:4
LH:4
BRDA:23,0,0,2
BRDA:23,0,1,2
BRDA:40,1,0,2
BRDA:40,1,1,2
BRF:4
BRH:4
end_of_record
TN:
SF:src/components/auth/ProtectedRoute.jsx
FN:6,(anonymous_0)
FN:18,(anonymous_1)
FNF:2
FNH:2
FNDA:1,(anonymous_0)
FNDA:8,(anonymous_1)
DA:6,1
DA:7,1
DA:18,1
DA:19,8
DA:20,8
DA:21,8
DA:22,2
DA:23,6
DA:24,2
DA:27,8
DA:29,7
DA:30,1
DA:32,6
DA:33,1
DA:35,5
DA:36,1
DA:39,4
DA:41,1
LF:18
LH:18
BRDA:21,0,0,2
BRDA:21,0,1,6
BRDA:23,1,0,2
BRDA:23,1,1,4
BRDA:27,2,0,1
BRDA:27,2,1,7
BRDA:29,3,0,1
BRDA:29,3,1,6
BRDA:32,4,0,1
BRDA:32,4,1,5
BRDA:35,5,0,1
BRDA:35,5,1,4
BRDA:35,6,0,5
BRDA:35,6,1,4
BRDA:35,6,2,2
BRF:15
BRH:15
end_of_record
TN:
SF:src/components/auth/RegisterForm.jsx
FN:37,(anonymous_0)
FN:38,(anonymous_1)
FN:39,(anonymous_2)
FN:40,(anonymous_3)
FN:43,(anonymous_4)
FN:44,(anonymous_5)
FN:48,(anonymous_6)
FN:55,(anonymous_7)
FN:59,(anonymous_8)
FN:93,(anonymous_9)
FN:100,(anonymous_10)
FN:104,(anonymous_11)
FN:105,(anonymous_12)
FN:114,(anonymous_13)
FN:116,(anonymous_14)
FN:118,(anonymous_15)
FN:121,(anonymous_16)
FN:127,(anonymous_17)
FN:129,(anonymous_18)
FN:147,(anonymous_19)
FN:166,(anonymous_20)
FN:216,(anonymous_21)
FN:216,(anonymous_22)
FN:222,(anonymous_23)
FN:234,(anonymous_24)
FN:254,(anonymous_25)
FN:256,(anonymous_26)
FN:276,(anonymous_27)
FN:284,(anonymous_28)
FNF:29
FNH:26
FNDA:8,(anonymous_0)
FNDA:8,(anonymous_1)
FNDA:8,(anonymous_2)
FNDA:8,(anonymous_3)
FNDA:4,(anonymous_4)
FNDA:16,(anonymous_5)
FNDA:4,(anonymous_6)
FNDA:10,(anonymous_7)
FNDA:102,(anonymous_8)
FNDA:26,(anonymous_9)
FNDA:22,(anonymous_10)
FNDA:22,(anonymous_11)
FNDA:22,(anonymous_12)
FNDA:0,(anonymous_13)
FNDA:0,(anonymous_14)
FNDA:0,(anonymous_15)
FNDA:4,(anonymous_16)
FNDA:1,(anonymous_17)
FNDA:3,(anonymous_18)
FNDA:3,(anonymous_19)
FNDA:1,(anonymous_20)
FNDA:2,(anonymous_21)
FNDA:2,(anonymous_22)
FNDA:4,(anonymous_23)
FNDA:16,(anonymous_24)
FNDA:4,(anonymous_25)
FNDA:1,(anonymous_26)
FNDA:3,(anonymous_27)
FNDA:1,(anonymous_28)
DA:27,1
DA:36,1
DA:37,8
DA:38,8
DA:39,8
DA:40,8
DA:43,1
DA:44,16
DA:45,4
DA:48,1
DA:49,4
DA:55,10
DA:56,4
DA:59,1
DA:60,102
DA:61,102
DA:62,102
DA:63,102
DA:65,102
DA:66,102
DA:68,102
DA:70,102
DA:71,102
DA:72,102
DA:82,102
DA:87,102
DA:88,102
DA:93,102
DA:94,26
DA:100,102
DA:101,22
DA:104,102
DA:105,22
DA:108,102
DA:115,0
DA:116,0
DA:118,0
DA:121,102
DA:122,4
DA:123,4
DA:124,4
DA:127,102
DA:129,102
DA:130,3
DA:131,3
DA:132,3
DA:133,1
DA:134,1
DA:140,2
DA:141,2
DA:147,102
DA:148,3
DA:159,3
DA:160,2
DA:161,1
DA:162,1
DA:165,1
DA:166,1
DA:170,102
DA:216,2
DA:223,4
DA:224,4
DA:225,4
DA:235,16
DA:236,16
DA:254,4
DA:256,1
DA:276,3
DA:284,1
DA:294,1
LF:70
LH:67
BRDA:55,0,0,4
BRDA:55,0,1,0
BRDA:101,1,0,1
BRDA:101,1,1,21
BRDA:116,2,0,0
BRDA:116,2,1,0
BRDA:130,3,0,0
BRDA:130,3,1,3
BRDA:141,4,0,2
BRDA:141,4,1,1
BRDA:159,5,0,2
BRDA:159,5,1,1
BRDA:160,6,0,1
BRDA:160,6,1,1
BRDA:172,7,0,102
BRDA:172,7,1,1
BRDA:176,8,0,4
BRDA:176,8,1,98
BRDA:179,9,0,4
BRDA:179,9,1,98
BRDA:184,10,0,102
BRDA:184,10,1,3
BRDA:208,11,0,1
BRDA:208,11,1,101
BRDA:215,12,0,1
BRDA:215,12,1,101
BRDA:222,13,0,102
BRDA:222,13,1,4
BRDA:222,13,2,4
BRDA:238,14,0,9
BRDA:238,14,1,7
BRDA:238,15,0,9
BRDA:238,15,1,7
BRDA:239,16,0,9
BRDA:239,16,1,7
BRDA:239,17,0,9
BRDA:239,17,1,7
BRDA:259,18,0,102
BRDA:259,18,1,2
BRDA:265,19,0,2
BRDA:265,19,1,100
BRF:41
BRH:37
end_of_record
TN:
SF:src/components/common/DashboardSidebar.jsx
FN:9,(anonymous_0)
FN:34,(anonymous_1)
FN:50,(anonymous_2)
FN:83,(anonymous_3)
FN:112,(anonymous_4)
FN:137,(anonymous_5)
FN:142,(anonymous_6)
FN:174,(anonymous_7)
FN:207,(anonymous_8)
FN:215,(anonymous_9)
FN:217,(anonymous_10)
FNF:11
FNH:11
FNDA:42,(anonymous_0)
FNDA:14,(anonymous_1)
FNDA:14,(anonymous_2)
FNDA:14,(anonymous_3)
FNDA:14,(anonymous_4)
FNDA:28,(anonymous_5)
FNDA:1,(anonymous_6)
FNDA:3,(anonymous_7)
FNDA:7,(anonymous_8)
FNDA:7,(anonymous_9)
FNDA:7,(anonymous_10)
DA:7,1
DA:9,42
DA:34,1
DA:35,14
DA:50,1
DA:51,14
DA:83,1
DA:84,14
DA:85,4
DA:108,1
DA:112,1
DA:119,14
DA:138,28
DA:139,28
DA:143,1
DA:144,1
DA:175,3
DA:176,3
DA:193,1
DA:207,1
DA:215,7
DA:216,7
DA:217,7
DA:218,7
DA:222,7
DA:234,7
DA:334,1
LF:27
LH:27
BRDA:16,0,0,14
BRDA:16,0,1,28
BRDA:17,1,0,14
BRDA:17,1,1,28
BRDA:25,2,0,14
BRDA:25,2,1,28
BRDA:26,3,0,14
BRDA:26,3,1,28
BRDA:27,4,0,14
BRDA:27,4,1,28
BRDA:30,5,0,14
BRDA:30,5,1,28
BRDA:31,6,0,14
BRDA:31,6,1,28
BRDA:84,7,0,10
BRDA:84,7,1,4
BRDA:103,8,0,2
BRDA:103,8,1,2
BRDA:148,9,0,28
BRDA:148,9,1,14
BRDA:153,10,0,14
BRDA:153,10,1,14
BRDA:160,11,0,28
BRDA:160,11,1,14
BRDA:180,12,0,14
BRDA:180,12,1,0
BRDA:183,13,0,0
BRDA:183,13,1,14
BRDA:184,14,0,0
BRDA:184,14,1,14
BRDA:213,15,0,7
BRDA:216,16,0,2
BRDA:216,16,1,5
BRDA:270,17,0,2
BRDA:270,17,1,5
BRDA:271,18,0,2
BRDA:271,18,1,5
BRDA:292,19,0,2
BRDA:292,19,1,5
BRF:39
BRH:36
end_of_record
TN:
SF:src/components/common/DashboardTopbar.jsx
FN:7,(anonymous_0)
FN:11,(anonymous_1)
FNF:2
FNH:2
FNDA:3,(anonymous_0)
FNDA:1,(anonymous_1)
DA:7,1
DA:8,3
DA:9,3
DA:11,3
DA:14,1
DA:15,1
DA:18,3
DA:61,1
LF:8
LH:8
BRF:0
BRH:0
end_of_record
TN:
SF:src/components/common/EmptyState.jsx
FN:4,(anonymous_0)
FNF:1
FNH:1
FNDA:41,(anonymous_0)
DA:4,4
DA:13,41
DA:45,4
LF:3
LH:3
BRDA:10,0,0,41
BRDA:11,1,0,41
BRDA:13,2,0,2
BRDA:13,2,1,39
BRDA:13,3,0,8
BRDA:13,3,1,33
BRDA:16,4,0,41
BRDA:16,4,1,31
BRDA:28,5,0,41
BRDA:28,5,1,10
BRDA:32,6,0,41
BRDA:32,6,1,2
BRDA:32,6,2,1
BRF:13
BRH:13
end_of_record
TN:
SF:src/components/common/ErrorState.jsx
FN:4,(anonymous_0)
FNF:1
FNH:1
FNDA:13,(anonymous_0)
DA:4,4
DA:12,13
DA:41,4
LF:3
LH:3
BRDA:7,0,0,13
BRDA:9,1,0,13
BRDA:10,2,0,13
BRDA:12,3,0,2
BRDA:12,3,1,11
BRDA:12,4,0,5
BRDA:12,4,1,8
BRDA:24,5,0,13
BRDA:24,5,1,1
BRDA:28,6,0,13
BRDA:28,6,1,5
BRF:11
BRH:11
end_of_record
TN:
SF:src/components/common/FilterTabs.jsx
FN:4,(anonymous_0)
FN:6,(anonymous_1)
FN:11,(anonymous_2)
FNF:3
FNH:3
FNDA:3,(anonymous_0)
FNDA:9,(anonymous_1)
FNDA:1,(anonymous_2)
DA:4,1
DA:5,3
DA:7,9
DA:8,9
DA:11,1
DA:33,1
LF:6
LH:6
BRDA:4,0,0,3
BRDA:19,1,0,3
BRDA:19,1,1,6
BRDA:20,2,0,3
BRDA:20,2,1,6
BRDA:21,3,0,3
BRDA:21,3,1,6
BRF:7
BRH:7
end_of_record
TN:
SF:src/components/common/FormField.jsx
FN:7,(anonymous_0)
FN:18,(anonymous_1)
FNF:2
FNH:2
FNDA:440,(anonymous_0)
FNDA:440,(anonymous_1)
DA:5,4
DA:7,4
DA:8,440
DA:17,4
DA:35,440
DA:36,440
DA:38,440
DA:41,440
DA:42,2
DA:47,438
DA:48,12
DA:50,426
DA:52,440
DA:77,4
DA:79,4
LF:15
LH:15
BRDA:8,0,0,12
BRDA:8,0,1,428
BRDA:23,1,0,440
BRDA:26,2,0,440
BRDA:27,3,0,440
BRDA:36,4,0,440
BRDA:36,4,1,439
BRDA:36,4,2,2
BRDA:38,5,0,2
BRDA:38,5,1,438
BRDA:39,6,0,12
BRDA:39,6,1,428
BRDA:39,7,0,1
BRDA:39,7,1,439
BRDA:41,8,0,2
BRDA:41,8,1,438
BRDA:47,9,0,12
BRDA:47,9,1,426
BRDA:54,10,0,440
BRDA:54,10,1,423
BRDA:56,11,0,423
BRDA:56,11,1,409
BRDA:59,12,0,440
BRDA:59,12,1,1
BRDA:65,13,0,440
BRDA:65,13,1,52
BRDA:71,14,0,440
BRDA:71,14,1,12
BRF:28
BRH:28
end_of_record
TN:
SF:src/components/common/FullScreenLoader.jsx
FN:3,(anonymous_0)
FNF:1
FNH:1
FNDA:3,(anonymous_0)
DA:3,2
DA:4,3
DA:25,2
LF:3
LH:3
BRDA:3,0,0,3
BRF:1
BRH:1
end_of_record
TN:
SF:src/components/common/GlobalErrorBanner.jsx
FN:6,(anonymous_0)
FN:16,(anonymous_1)
FNF:2
FNH:2
FNDA:2,(anonymous_0)
FNDA:1,(anonymous_1)
DA:6,1
DA:7,2
DA:8,2
DA:10,2
DA:12,1
DA:16,1
LF:6
LH:6
BRDA:10,0,0,1
BRDA:10,0,1,1
BRF:2
BRH:2
end_of_record
TN:
SF:src/components/common/HelpCenter.jsx
FN:89,FaqItem
FN:139,HelpCenter
FN:144,(anonymous_2)
FN:155,(anonymous_3)
FN:158,(anonymous_4)
FN:161,(anonymous_5)
FN:168,(anonymous_6)
FN:170,(anonymous_7)
FN:227,(anonymous_8)
FN:238,(anonymous_9)
FN:239,(anonymous_10)
FN:258,(anonymous_11)
FN:266,(anonymous_12)
FN:273,(anonymous_13)
FN:297,(anonymous_14)
FN:305,(anonymous_15)
FN:310,(anonymous_16)
FN:311,(anonymous_17)
FN:318,(anonymous_18)
FN:318,(anonymous_19)
FN:325,(anonymous_20)
FN:325,(anonymous_21)
FN:340,(anonymous_22)
FN:341,(anonymous_23)
FNF:24
FNH:24
FNDA:438,FaqItem
FNDA:44,HelpCenter
FNDA:352,(anonymous_2)
FNDA:176,(anonymous_3)
FNDA:176,(anonymous_4)
FNDA:484,(anonymous_5)
FNDA:176,(anonymous_6)
FNDA:4,(anonymous_7)
FNDA:4,(anonymous_8)
FNDA:1,(anonymous_9)
FNDA:1,(anonymous_10)
FNDA:161,(anonymous_11)
FNDA:438,(anonymous_12)
FNDA:2,(anonymous_13)
FNDA:1,(anonymous_14)
FNDA:123,(anonymous_15)
FNDA:1,(anonymous_16)
FNDA:1,(anonymous_17)
FNDA:4,(anonymous_18)
FNDA:4,(anonymous_19)
FNDA:8,(anonymous_20)
FNDA:8,(anonymous_21)
FNDA:1,(anonymous_22)
FNDA:1,(anonymous_23)
DA:7,1
DA:81,1
DA:90,438
DA:129,1
DA:140,44
DA:141,44
DA:143,44
DA:144,352
DA:146,44
DA:147,44
DA:148,44
DA:150,44
DA:151,44
DA:152,44
DA:153,44
DA:155,176
DA:157,44
DA:158,176
DA:161,484
DA:168,176
DA:170,44
DA:171,4
DA:172,4
DA:173,4
DA:174,4
DA:175,4
DA:176,3
DA:177,3
DA:179,1
DA:181,4
DA:186,44
DA:192,44
DA:228,4
DA:229,4
DA:238,1
DA:239,1
DA:259,161
DA:267,438
DA:268,438
DA:273,2
DA:297,1
DA:306,123
DA:310,123
DA:311,123
DA:313,123
DA:318,4
DA:325,8
DA:340,1
DA:341,1
LF:49
LH:49
BRDA:95,0,0,1
BRDA:95,0,1,437
BRDA:115,1,0,1
BRDA:115,1,1,437
BRDA:121,2,0,438
BRDA:121,2,1,1
BRDA:143,3,0,1
BRDA:143,3,1,43
BRDA:161,4,0,484
BRDA:161,4,1,22
BRDA:161,4,2,468
BRDA:161,4,3,44
BRDA:161,4,4,32
BRDA:207,5,0,1
BRDA:207,5,1,43
BRDA:208,6,0,1
BRDA:208,6,1,43
BRDA:215,7,0,1
BRDA:215,7,1,43
BRDA:252,8,0,1
BRDA:252,8,1,43
BRDA:260,9,0,161
BRDA:260,9,1,159
BRDA:273,10,0,1
BRDA:273,10,1,1
BRDA:291,11,0,3
BRDA:291,11,1,41
BRDA:313,12,0,41
BRDA:313,12,1,82
BRDA:330,13,0,41
BRDA:330,13,1,1
BRDA:336,14,0,4
BRDA:336,14,1,37
BRDA:338,15,0,4
BRDA:338,15,1,37
BRDA:340,16,0,1
BRDA:340,16,1,0
BRDA:341,17,0,1
BRDA:341,17,1,0
BRDA:343,18,0,4
BRDA:343,18,1,37
BRF:41
BRH:39
end_of_record
TN:
SF:src/components/common/MentorCardSkeleton.jsx
FN:3,(anonymous_0)
FNF:1
FNH:1
FNDA:2,(anonymous_0)
DA:3,1
DA:6,2
DA:7,1
DA:27,1
DA:53,1
LF:5
LH:5
BRDA:3,0,0,2
BRDA:6,1,0,1
BRDA:6,1,1,1
BRF:3
BRH:3
end_of_record
TN:
SF:src/components/common/PasswordVisibilityIcon.jsx
FN:4,(anonymous_0)
FNF:1
FNH:1
FNDA:153,(anonymous_0)
DA:4,2
DA:5,153
DA:17,2
LF:3
LH:3
BRDA:5,0,0,2
BRDA:5,0,1,151
BRF:2
BRH:2
end_of_record
TN:
SF:src/components/common/PersonIcon.jsx
FN:4,(anonymous_0)
FNF:1
FNH:1
FNDA:41,(anonymous_0)
DA:4,3
DA:10,41
DA:27,3
LF:3
LH:3
BRDA:5,0,0,41
BRDA:6,1,0,41
BRDA:7,2,0,41
BRDA:8,3,0,41
BRF:4
BRH:4
end_of_record
TN:
SF:src/components/common/PrefsCardHeader.jsx
FN:3,(anonymous_0)
FNF:1
FNH:1
FNDA:19,(anonymous_0)
DA:3,2
DA:4,19
DA:19,2
LF:3
LH:3
BRDA:3,0,0,19
BRDA:3,1,0,19
BRDA:5,2,0,18
BRDA:5,2,1,1
BRF:4
BRH:4
end_of_record
TN:
SF:src/components/common/Spinner.jsx
FN:10,(anonymous_0)
FNF:1
FNH:1
FNDA:19,(anonymous_0)
DA:3,4
DA:10,4
DA:11,19
DA:20,4
LF:4
LH:4
BRDA:10,0,0,19
BRDA:10,1,0,19
BRDA:13,2,0,10
BRDA:13,2,1,9
BRDA:16,3,0,19
BRDA:16,3,1,1
BRF:6
BRH:6
end_of_record
TN:
SF:src/components/common/StatCard.jsx
FN:3,(anonymous_0)
FNF:1
FNH:1
FNDA:1068,(anonymous_0)
DA:3,5
DA:14,1068
DA:15,2
DA:39,1066
DA:40,1
DA:57,1065
DA:58,1
DA:79,1064
DA:80,1068
DA:154,5
LF:10
LH:10
BRDA:7,0,0,1068
BRDA:11,1,0,1068
BRDA:14,2,0,2
BRDA:14,2,1,1066
BRDA:17,3,0,1
BRDA:17,3,1,1
BRDA:20,4,0,1
BRDA:20,4,1,1
BRDA:29,5,0,1
BRDA:29,5,1,1
BRDA:39,6,0,1
BRDA:39,6,1,1065
BRDA:49,7,0,1
BRDA:49,7,1,1
BRDA:57,8,0,1
BRDA:57,8,1,1064
BRDA:65,9,0,1
BRDA:65,9,1,1
BRDA:73,10,0,1
BRDA:73,10,1,1
BRDA:79,11,0,1061
BRDA:79,11,1,3
BRDA:100,12,0,1068
BRDA:100,12,1,2
BRDA:103,13,0,1
BRDA:103,13,1,1
BRDA:110,14,0,1
BRDA:110,14,1,1
BRDA:114,15,0,1
BRDA:114,15,1,1
BRDA:129,16,0,1
BRDA:129,16,1,1
BRDA:144,17,0,1068
BRDA:144,17,1,273
BRDA:149,18,0,1068
BRDA:149,18,1,493
BRF:36
BRH:36
end_of_record
TN:
SF:src/components/common/StatusBadge.jsx
FN:60,(anonymous_0)
FNF:1
FNH:1
FNDA:94,(anonymous_0)
DA:3,2
DA:60,2
DA:61,94
DA:67,94
DA:68,2
DA:78,92
DA:87,2
LF:7
LH:7
BRDA:60,0,0,94
BRDA:61,1,0,94
BRDA:61,1,1,2
BRDA:67,2,0,2
BRDA:67,2,1,92
BRF:5
BRH:5
end_of_record
TN:
SF:src/components/common/TabLoader.jsx
FN:4,(anonymous_0)
FNF:1
FNH:1
FNDA:2,(anonymous_0)
DA:4,1
DA:5,2
DA:13,1
LF:3
LH:3
BRDA:4,0,0,2
BRF:1
BRH:1
end_of_record
TN:
SF:src/components/mentee/dashboard/DashboardLayout.jsx
FN:26,(anonymous_0)
FN:33,(anonymous_1)
FN:34,(anonymous_2)
FN:36,(anonymous_3)
FN:39,(anonymous_4)
FN:44,(anonymous_5)
FN:51,(anonymous_6)
FN:75,(anonymous_7)
FN:83,(anonymous_8)
FN:83,(anonymous_9)
FN:86,(anonymous_10)
FNF:11
FNH:10
FNDA:30,(anonymous_0)
FNDA:14,(anonymous_1)
FNDA:1,(anonymous_2)
FNDA:14,(anonymous_3)
FNDA:28,(anonymous_4)
FNDA:14,(anonymous_5)
FNDA:11,(anonymous_6)
FNDA:1,(anonymous_7)
FNDA:2,(anonymous_8)
FNDA:1,(anonymous_9)
FNDA:0,(anonymous_10)
DA:18,1
DA:26,1
DA:27,30
DA:28,30
DA:29,30
DA:30,30
DA:31,30
DA:32,30
DA:33,30
DA:34,14
DA:35,14
DA:36,14
DA:39,30
DA:40,28
DA:44,30
DA:45,14
DA:46,14
DA:47,14
DA:48,2
DA:51,30
DA:52,11
DA:53,11
DA:54,11
DA:55,2
DA:57,9
DA:60,30
DA:61,1
DA:72,29
DA:73,1
DA:75,1
DA:81,28
DA:83,2
DA:86,0
LF:33
LH:32
BRDA:40,0,0,2
BRDA:40,0,1,26
BRDA:47,1,0,2
BRDA:47,1,1,12
BRDA:47,2,0,14
BRDA:47,2,1,3
BRDA:54,3,0,2
BRDA:54,3,1,9
BRDA:60,4,0,1
BRDA:60,4,1,29
BRDA:72,5,0,1
BRDA:72,5,1,28
BRDA:88,6,0,28
BRDA:88,6,1,16
BRDA:89,7,0,30
BRDA:89,7,1,2
BRDA:90,8,0,30
BRDA:90,8,1,1
BRDA:91,9,0,30
BRDA:91,9,1,4
BRDA:92,10,0,30
BRDA:92,10,1,2
BRDA:95,11,0,30
BRDA:95,11,1,2
BRDA:96,12,0,30
BRDA:96,12,1,1
BRF:26
BRH:26
end_of_record
TN:
SF:src/components/mentee/dashboard/HomeTab.jsx
FN:14,(anonymous_0)
FN:17,(anonymous_1)
FN:29,(anonymous_2)
FN:32,(anonymous_3)
FN:41,(anonymous_4)
FN:43,(anonymous_5)
FN:58,(anonymous_6)
FN:60,(anonymous_7)
FN:78,(anonymous_8)
FN:87,(anonymous_9)
FN:123,(anonymous_10)
FN:146,(anonymous_11)
FN:157,(anonymous_12)
FN:210,(anonymous_13)
FN:221,(anonymous_14)
FN:389,(anonymous_15)
FN:413,(anonymous_16)
FN:425,(anonymous_17)
FN:446,(anonymous_18)
FN:484,(anonymous_19)
FN:537,(anonymous_20)
FN:576,(anonymous_21)
FNF:22
FNH:21
FNDA:4,(anonymous_0)
FNDA:7,(anonymous_1)
FNDA:4,(anonymous_2)
FNDA:2,(anonymous_3)
FNDA:6,(anonymous_4)
FNDA:4,(anonymous_5)
FNDA:6,(anonymous_6)
FNDA:33,(anonymous_7)
FNDA:4,(anonymous_8)
FNDA:1,(anonymous_9)
FNDA:6,(anonymous_10)
FNDA:6,(anonymous_11)
FNDA:1,(anonymous_12)
FNDA:2,(anonymous_13)
FNDA:33,(anonymous_14)
FNDA:33,(anonymous_15)
FNDA:4,(anonymous_16)
FNDA:1,(anonymous_17)
FNDA:6,(anonymous_18)
FNDA:1,(anonymous_19)
FNDA:0,(anonymous_20)
FNDA:1,(anonymous_21)
DA:14,1
DA:15,4
DA:17,7
DA:22,1
DA:29,1
DA:30,4
DA:32,1
DA:33,2
DA:34,2
DA:41,1
DA:42,6
DA:43,2
DA:44,4
DA:45,4
DA:46,4
DA:47,4
DA:49,2
DA:52,1
DA:58,6
DA:60,1
DA:61,33
DA:62,33
DA:74,33
DA:78,1
DA:79,4
DA:80,4
DA:81,4
DA:82,4
DA:84,4
DA:87,1
DA:124,6
DA:141,1
DA:146,1
DA:147,6
DA:148,6
DA:149,6
DA:150,6
DA:153,6
DA:154,6
DA:155,6
DA:157,6
DA:158,1
DA:161,6
DA:198,1
DA:210,1
DA:211,2
DA:221,1
DA:222,33
DA:223,33
DA:226,33
DA:227,33
DA:228,33
DA:229,2
DA:240,31
DA:241,1
DA:249,33
DA:383,1
DA:389,1
DA:390,33
DA:391,33
DA:392,33
DA:393,33
DA:394,33
DA:395,33
DA:397,33
DA:398,33
DA:399,5
DA:400,5
DA:403,33
DA:404,1
DA:412,32
DA:413,4
DA:414,4
DA:421,28
DA:426,1
DA:438,33
DA:439,1
DA:445,32
DA:446,5
DA:447,6
DA:455,27
DA:464,33
DA:485,1
DA:538,0
DA:576,1
LF:85
LH:84
BRDA:14,0,0,4
BRDA:29,1,0,4
BRDA:33,2,0,0
BRDA:33,2,1,2
BRDA:42,3,0,4
BRDA:42,3,1,2
BRDA:42,4,0,6
BRDA:42,4,1,2
BRDA:46,5,0,2
BRDA:46,5,1,2
BRDA:47,6,0,4
BRDA:47,6,1,0
BRDA:61,7,0,0
BRDA:61,7,1,33
BRDA:79,8,0,4
BRDA:79,8,1,1
BRDA:82,9,0,4
BRDA:82,9,1,1
BRDA:92,10,0,0
BRDA:92,10,1,4
BRDA:112,11,0,4
BRDA:112,11,1,3
BRDA:121,12,0,4
BRDA:121,12,1,3
BRDA:131,13,0,3
BRDA:131,13,1,3
BRDA:147,14,0,6
BRDA:147,14,1,5
BRDA:148,15,0,2
BRDA:148,15,1,4
BRDA:149,16,0,2
BRDA:149,16,1,4
BRDA:150,17,0,2
BRDA:150,17,1,4
BRDA:153,18,0,6
BRDA:153,18,1,1
BRDA:158,19,0,1
BRDA:158,19,1,0
BRDA:177,20,0,2
BRDA:177,20,1,4
BRDA:180,21,0,6
BRDA:180,21,1,4
BRDA:181,22,0,2
BRDA:181,22,1,4
BRDA:186,23,0,6
BRDA:186,23,1,2
BRDA:223,24,0,33
BRDA:223,24,1,32
BRDA:226,25,0,33
BRDA:226,25,1,32
BRDA:228,26,0,2
BRDA:228,26,1,31
BRDA:240,27,0,1
BRDA:240,27,1,30
BRDA:278,28,0,1
BRDA:278,28,1,32
BRDA:301,29,0,33
BRDA:301,29,1,32
BRDA:301,29,2,31
BRDA:303,30,0,5
BRDA:303,30,1,26
BRDA:305,31,0,5
BRDA:305,31,1,2
BRDA:314,32,0,1
BRDA:314,32,1,1
BRDA:392,33,0,33
BRDA:392,33,1,1
BRDA:393,34,0,33
BRDA:393,34,1,1
BRDA:398,35,0,5
BRDA:398,35,1,28
BRDA:399,36,0,1
BRDA:399,36,1,4
BRDA:403,37,0,1
BRDA:403,37,1,32
BRDA:412,38,0,4
BRDA:412,38,1,28
BRDA:415,39,0,4
BRDA:415,39,1,1
BRDA:438,40,0,1
BRDA:438,40,1,32
BRDA:445,41,0,5
BRDA:445,41,1,27
BRDA:471,42,0,1
BRDA:471,42,1,32
BRDA:480,43,0,33
BRDA:480,43,1,32
BRDA:527,44,0,33
BRDA:527,44,1,1
BRDA:573,45,0,33
BRDA:573,45,1,1
BRF:91
BRH:86
end_of_record
TN:
SF:src/components/mentee/dashboard/InterestedFieldsCard.jsx
FN:3,(anonymous_0)
FN:15,(anonymous_1)
FN:30,(anonymous_2)
FN:47,(anonymous_3)
FNF:4
FNH:4
FNDA:6,(anonymous_0)
FNDA:6,(anonymous_1)
FNDA:3,(anonymous_2)
FNDA:3,(anonymous_3)
DA:3,1
DA:4,6
DA:12,1
DA:15,1
DA:16,6
DA:17,6
DA:19,6
DA:31,3
DA:48,3
DA:56,1
LF:10
LH:10
BRDA:16,0,0,6
BRDA:16,0,1,3
BRDA:17,1,0,6
BRDA:17,1,1,3
BRDA:26,2,0,4
BRDA:26,2,1,2
BRDA:43,3,0,4
BRDA:43,3,1,2
BRF:8
BRH:8
end_of_record
TN:
SF:src/components/mentee/dashboard/ProfessionalDetailsCard.jsx
FN:3,(anonymous_0)
FN:19,(anonymous_1)
FNF:2
FNH:2
FNDA:20,(anonymous_0)
FNDA:5,(anonymous_1)
DA:3,1
DA:4,20
DA:14,1
DA:19,1
DA:20,5
DA:117,1
LF:6
LH:6
BRDA:10,0,0,20
BRDA:10,0,1,10
BRDA:49,1,0,1
BRDA:49,1,1,4
BRF:4
BRH:4
end_of_record
TN:
SF:src/components/mentee/dashboard/ProfileHeroCard.jsx
FN:5,(anonymous_0)
FN:19,(anonymous_1)
FN:49,(anonymous_2)
FNF:3
FNH:3
FNDA:10,(anonymous_0)
FNDA:1,(anonymous_1)
FNDA:1,(anonymous_2)
DA:5,1
DA:6,10
DA:7,10
DA:8,10
DA:19,1
DA:49,1
DA:73,1
LF:7
LH:7
BRDA:14,0,0,3
BRDA:14,0,1,7
BRDA:14,1,0,10
BRDA:14,1,1,4
BRDA:16,2,0,3
BRDA:16,2,1,2
BRDA:23,3,0,7
BRDA:23,3,1,2
BRDA:33,4,0,10
BRDA:33,4,1,2
BRDA:40,5,0,10
BRDA:40,5,1,1
BRF:12
BRH:12
end_of_record
TN:
SF:src/components/mentee/dashboard/ProfileTab.jsx
FN:9,(anonymous_0)
FNF:1
FNH:1
FNDA:4,(anonymous_0)
DA:9,1
DA:10,4
DA:11,4
LF:3
LH:3
BRDA:38,0,0,1
BRDA:38,0,1,3
BRF:2
BRH:2
end_of_record
TN:
SF:src/components/mentee/dashboard/SocialPresenceCard.jsx
FN:3,(anonymous_0)
FNF:1
FNH:1
FNDA:6,(anonymous_0)
DA:3,1
DA:4,6
DA:132,1
LF:3
LH:3
BRDA:30,0,0,3
BRDA:30,0,1,3
BRDA:46,1,0,6
BRDA:46,1,1,3
BRDA:91,2,0,2
BRDA:91,2,1,4
BRDA:104,3,0,6
BRDA:104,3,1,2
BRF:8
BRH:8
end_of_record
TN:
SF:src/components/mentee/dashboard/connects/MenteeConnectsTab.jsx
FN:7,(anonymous_0)
FN:24,(anonymous_1)
FN:31,(anonymous_2)
FN:39,(anonymous_3)
FN:43,(anonymous_4)
FN:51,(anonymous_5)
FNF:6
FNH:5
FNDA:7,(anonymous_0)
FNDA:1,(anonymous_1)
FNDA:2,(anonymous_2)
FNDA:0,(anonymous_3)
FNDA:5,(anonymous_4)
FNDA:1,(anonymous_5)
DA:7,1
DA:8,7
DA:9,7
DA:11,7
DA:25,1
DA:32,2
DA:39,0
DA:44,5
DA:51,1
LF:9
LH:8
BRDA:34,0,0,2
BRDA:34,0,1,0
BRDA:46,1,0,5
BRDA:46,1,1,1
BRF:4
BRH:3
end_of_record
TN:
SF:src/components/mentee/dashboard/findMentors/ConnectSucessModal.jsx
FN:3,(anonymous_0)
FNF:1
FNH:1
FNDA:3,(anonymous_0)
DA:3,1
DA:4,3
DA:48,1
LF:3
LH:3
BRDA:30,0,0,3
BRDA:30,0,1,1
BRF:2
BRH:2
end_of_record
TN:
SF:src/components/mentee/dashboard/findMentors/FilterPanel.jsx
FN:36,(anonymous_0)
FN:47,(anonymous_1)
FN:50,(anonymous_2)
FN:54,(anonymous_3)
FN:57,(anonymous_4)
FN:62,(anonymous_5)
FN:65,(anonymous_6)
FN:83,(anonymous_7)
FN:83,(anonymous_8)
FN:136,(anonymous_9)
FN:140,(anonymous_10)
FN:160,(anonymous_11)
FN:170,(anonymous_12)
FN:182,(anonymous_13)
FN:186,(anonymous_14)
FN:204,(anonymous_15)
FN:208,(anonymous_16)
FNF:17
FNH:14
FNDA:25,(anonymous_0)
FNDA:9,(anonymous_1)
FNDA:8,(anonymous_2)
FNDA:1,(anonymous_3)
FNDA:1,(anonymous_4)
FNDA:0,(anonymous_5)
FNDA:0,(anonymous_6)
FNDA:7,(anonymous_7)
FNDA:7,(anonymous_8)
FNDA:1,(anonymous_9)
FNDA:187,(anonymous_10)
FNDA:1,(anonymous_11)
FNDA:0,(anonymous_12)
FNDA:68,(anonymous_13)
FNDA:1,(anonymous_14)
FNDA:85,(anonymous_15)
FNDA:1,(anonymous_16)
DA:4,1
DA:18,1
DA:26,1
DA:34,1
DA:36,1
DA:37,25
DA:40,25
DA:41,25
DA:43,25
DA:44,25
DA:47,25
DA:48,9
DA:50,25
DA:51,8
DA:54,25
DA:55,1
DA:56,1
DA:57,1
DA:58,1
DA:62,25
DA:63,0
DA:64,0
DA:65,0
DA:66,0
DA:70,25
DA:78,25
DA:83,7
DA:136,1
DA:141,187
DA:160,1
DA:170,0
DA:183,68
DA:186,1
DA:205,85
DA:208,1
DA:239,1
LF:36
LH:31
BRDA:56,0,0,0
BRDA:56,0,1,1
BRDA:64,1,0,0
BRDA:64,1,1,0
BRDA:85,2,0,6
BRDA:85,2,1,19
BRDA:105,3,0,25
BRDA:105,3,1,6
BRDA:119,4,0,17
BRDA:119,4,1,8
BRDA:126,5,0,25
BRDA:126,5,1,17
BRDA:187,6,0,17
BRDA:187,6,1,51
BRDA:210,7,0,17
BRDA:210,7,1,68
BRDA:223,8,0,17
BRDA:223,8,1,4
BRF:18
BRH:15
end_of_record
TN:
SF:src/components/mentee/dashboard/findMentors/FindMentorsTab.jsx
FN:10,(anonymous_0)
FN:31,(anonymous_1)
FN:32,(anonymous_2)
FN:115,(anonymous_3)
FNF:4
FNH:4
FNDA:11,(anonymous_0)
FNDA:7,(anonymous_1)
FNDA:7,(anonymous_2)
FNDA:1,(anonymous_3)
DA:10,1
DA:25,11
DA:27,11
DA:28,11
DA:29,11
DA:31,11
DA:32,7
DA:33,7
DA:34,7
DA:35,5
DA:37,1
DA:39,6
DA:42,7
DA:44,11
DA:45,11
DA:46,9
DA:49,2
DA:50,1
DA:59,11
DA:115,1
LF:20
LH:20
BRDA:45,0,0,9
BRDA:45,0,1,2
BRDA:49,1,0,1
BRDA:49,1,1,1
BRDA:98,2,0,11
BRDA:98,2,1,1
BRDA:112,3,0,11
BRDA:112,3,1,1
BRF:8
BRH:8
end_of_record
TN:
SF:src/components/mentee/dashboard/findMentors/MentorCard.jsx
FN:6,(anonymous_0)
FN:10,(anonymous_1)
FN:34,(anonymous_2)
FN:79,(anonymous_3)
FN:100,(anonymous_4)
FN:116,(anonymous_5)
FN:167,(anonymous_6)
FN:208,(anonymous_7)
FNF:8
FNH:7
FNDA:10,(anonymous_0)
FNDA:50,(anonymous_1)
FNDA:10,(anonymous_2)
FNDA:10,(anonymous_3)
FNDA:18,(anonymous_4)
FNDA:0,(anonymous_5)
FNDA:30,(anonymous_6)
FNDA:1,(anonymous_7)
DA:4,1
DA:6,1
DA:7,10
DA:8,10
DA:11,50
DA:29,1
DA:34,1
DA:35,10
DA:36,9
DA:54,1
DA:75,1
DA:79,1
DA:91,10
DA:92,10
DA:94,10
DA:95,10
DA:97,10
DA:100,18
DA:106,10
DA:116,0
DA:168,30
DA:208,1
DA:217,1
LF:23
LH:22
BRDA:7,0,0,10
BRDA:7,0,1,1
BRDA:16,1,0,45
BRDA:16,1,1,5
BRDA:17,2,0,45
BRDA:17,2,1,5
BRDA:24,3,0,9
BRDA:24,3,1,1
BRDA:35,4,0,9
BRDA:35,4,1,1
BRDA:85,5,0,10
BRDA:97,6,0,9
BRDA:97,6,1,1
BRDA:111,7,0,0
BRDA:111,7,1,10
BRDA:111,8,0,10
BRDA:111,8,1,0
BRDA:113,9,0,0
BRDA:113,9,1,0
BRDA:127,10,0,10
BRDA:127,10,1,1
BRDA:130,11,0,10
BRDA:130,11,1,1
BRDA:131,12,0,9
BRDA:131,12,1,1
BRDA:134,13,0,10
BRDA:134,13,1,10
BRDA:149,14,0,0
BRDA:149,14,1,10
BRDA:154,15,0,10
BRDA:154,15,1,10
BRDA:165,16,0,10
BRDA:165,16,1,10
BRDA:175,17,0,10
BRDA:175,17,1,10
BRDA:187,18,0,9
BRDA:187,18,1,1
BRF:37
BRH:32
end_of_record
TN:
SF:src/components/mentee/dashboard/findMentors/MentorGrid.jsx
FN:11,(anonymous_0)
FN:44,(anonymous_1)
FN:53,(anonymous_2)
FNF:3
FNH:3
FNDA:6,(anonymous_0)
FNDA:10,(anonymous_1)
FNDA:6,(anonymous_2)
DA:8,1
DA:9,1
DA:11,1
DA:21,6
DA:23,6
DA:24,1
DA:26,5
DA:27,0
DA:34,5
DA:45,10
DA:54,6
DA:76,1
LF:12
LH:11
BRDA:23,0,0,1
BRDA:23,0,1,5
BRDA:26,1,0,0
BRDA:26,1,1,5
BRDA:26,2,0,5
BRDA:26,2,1,5
BRDA:52,3,0,5
BRDA:52,3,1,2
BRDA:58,4,0,6
BRDA:58,4,1,3
BRDA:58,4,2,1
BRF:11
BRH:10
end_of_record
TN:
SF:src/components/mentee/dashboard/findMentors/MentorProfileModal.jsx
FN:11,(anonymous_0)
FN:12,(anonymous_1)
FN:13,(anonymous_2)
FN:14,(anonymous_3)
FN:19,(anonymous_4)
FN:27,(anonymous_5)
FN:32,(anonymous_6)
FN:32,(anonymous_7)
FN:55,(anonymous_8)
FN:65,(anonymous_9)
FN:92,(anonymous_10)
FN:102,(anonymous_11)
FN:121,(anonymous_12)
FN:142,(anonymous_13)
FN:148,(anonymous_14)
FN:151,(anonymous_15)
FN:154,(anonymous_16)
FN:158,(anonymous_17)
FN:158,(anonymous_18)
FN:175,(anonymous_19)
FN:180,(anonymous_20)
FN:181,(anonymous_21)
FN:183,(anonymous_22)
FN:184,(anonymous_23)
FN:184,(anonymous_24)
FN:186,(anonymous_25)
FN:192,(anonymous_26)
FN:201,(anonymous_27)
FN:201,(anonymous_28)
FN:204,(anonymous_29)
FN:204,(anonymous_30)
FN:206,(anonymous_31)
FN:208,(anonymous_32)
FN:209,(anonymous_33)
FN:215,(anonymous_34)
FN:241,(anonymous_35)
FN:258,(anonymous_36)
FN:282,(anonymous_37)
FN:296,(anonymous_38)
FN:308,(anonymous_39)
FN:310,(anonymous_40)
FN:331,(anonymous_41)
FN:345,(anonymous_42)
FN:348,(anonymous_43)
FN:359,(anonymous_44)
FN:364,(anonymous_45)
FN:386,(anonymous_46)
FN:399,(anonymous_47)
FN:404,(anonymous_48)
FN:414,(anonymous_49)
FN:428,(anonymous_50)
FNF:51
FNH:45
FNDA:30,(anonymous_0)
FNDA:30,(anonymous_1)
FNDA:30,(anonymous_2)
FNDA:30,(anonymous_3)
FNDA:48,(anonymous_4)
FNDA:21,(anonymous_5)
FNDA:105,(anonymous_6)
FNDA:105,(anonymous_7)
FNDA:18,(anonymous_8)
FNDA:7,(anonymous_9)
FNDA:6,(anonymous_10)
FNDA:1,(anonymous_11)
FNDA:30,(anonymous_12)
FNDA:120,(anonymous_13)
FNDA:60,(anonymous_14)
FNDA:7,(anonymous_15)
FNDA:1,(anonymous_16)
FNDA:1,(anonymous_17)
FNDA:1,(anonymous_18)
FNDA:5,(anonymous_19)
FNDA:25,(anonymous_20)
FNDA:11,(anonymous_21)
FNDA:1,(anonymous_22)
FNDA:1,(anonymous_23)
FNDA:1,(anonymous_24)
FNDA:2,(anonymous_25)
FNDA:2,(anonymous_26)
FNDA:28,(anonymous_27)
FNDA:55,(anonymous_28)
FNDA:28,(anonymous_29)
FNDA:28,(anonymous_30)
FNDA:54,(anonymous_31)
FNDA:25,(anonymous_32)
FNDA:11,(anonymous_33)
FNDA:1,(anonymous_34)
FNDA:0,(anonymous_35)
FNDA:1,(anonymous_36)
FNDA:112,(anonymous_37)
FNDA:112,(anonymous_38)
FNDA:51,(anonymous_39)
FNDA:0,(anonymous_40)
FNDA:55,(anonymous_41)
FNDA:3,(anonymous_42)
FNDA:6,(anonymous_43)
FNDA:25,(anonymous_44)
FNDA:0,(anonymous_45)
FNDA:25,(anonymous_46)
FNDA:0,(anonymous_47)
FNDA:11,(anonymous_48)
FNDA:0,(anonymous_49)
FNDA:0,(anonymous_50)
DA:10,1
DA:11,30
DA:12,30
DA:13,30
DA:14,30
DA:16,1
DA:17,1
DA:19,1
DA:20,48
DA:21,48
DA:22,48
DA:23,48
DA:24,48
DA:27,1
DA:28,21
DA:29,21
DA:32,105
DA:33,105
DA:50,1
DA:55,1
DA:56,18
DA:57,18
DA:58,18
DA:59,6
DA:60,12
DA:61,0
DA:63,18
DA:65,7
DA:84,1
DA:92,1
DA:93,6
DA:102,1
DA:111,1
DA:121,1
DA:122,30
DA:123,30
DA:124,30
DA:125,30
DA:126,30
DA:127,30
DA:128,30
DA:130,30
DA:133,30
DA:134,30
DA:135,30
DA:140,30
DA:142,120
DA:147,30
DA:148,60
DA:151,30
DA:152,7
DA:153,7
DA:154,7
DA:156,7
DA:157,1
DA:158,1
DA:159,1
DA:162,6
DA:164,6
DA:165,6
DA:166,1
DA:171,1
DA:172,1
DA:175,5
DA:180,30
DA:181,25
DA:183,30
DA:184,1
DA:186,30
DA:187,2
DA:188,2
DA:189,2
DA:192,2
DA:196,2
DA:197,2
DA:200,30
DA:201,55
DA:204,30
DA:205,30
DA:206,54
DA:208,30
DA:209,25
DA:211,30
DA:212,2
DA:216,1
DA:217,1
DA:218,1
DA:225,28
DA:232,30
DA:241,0
DA:258,1
DA:283,112
DA:297,112
DA:309,51
DA:310,0
DA:332,55
DA:345,3
DA:348,6
DA:360,25
DA:361,25
DA:362,25
DA:364,0
DA:387,25
DA:399,0
DA:404,11
DA:414,0
DA:428,0
DA:442,1
LF:108
LH:101
BRDA:12,0,0,30
BRDA:12,0,1,0
BRDA:13,1,0,30
BRDA:13,1,1,0
BRDA:14,2,0,30
BRDA:14,2,1,0
BRDA:20,3,0,0
BRDA:20,3,1,48
BRDA:22,4,0,0
BRDA:22,4,1,48
BRDA:23,5,0,48
BRDA:23,5,1,0
BRDA:28,6,0,21
BRDA:28,6,1,0
BRDA:35,7,0,105
BRDA:35,7,1,0
BRDA:36,8,0,105
BRDA:36,8,1,0
BRDA:43,9,0,21
BRDA:43,9,1,0
BRDA:46,10,0,21
BRDA:46,10,1,21
BRDA:56,11,0,18
BRDA:56,11,1,0
BRDA:58,12,0,6
BRDA:58,12,1,12
BRDA:60,13,0,0
BRDA:60,13,1,12
BRDA:65,14,0,7
BRDA:65,14,1,7
BRDA:68,15,0,18
BRDA:68,15,1,6
BRDA:75,16,0,6
BRDA:75,16,1,12
BRDA:78,17,0,6
BRDA:78,17,1,12
BRDA:147,18,0,30
BRDA:147,18,1,0
BRDA:156,19,0,1
BRDA:156,19,1,6
BRDA:162,20,0,0
BRDA:162,20,1,6
BRDA:165,21,0,1
BRDA:165,21,1,5
BRDA:167,22,0,1
BRDA:167,22,1,0
BRDA:181,23,0,11
BRDA:181,23,1,11
BRDA:187,24,0,0
BRDA:187,24,1,2
BRDA:187,25,0,2
BRDA:187,25,1,2
BRDA:197,26,0,2
BRDA:197,26,1,0
BRDA:205,27,0,30
BRDA:205,27,1,3
BRDA:206,28,0,27
BRDA:206,28,1,3
BRDA:211,29,0,2
BRDA:211,29,1,28
BRDA:227,30,0,28
BRDA:227,30,1,0
BRDA:240,31,0,0
BRDA:240,31,1,28
BRDA:240,32,0,30
BRDA:240,32,1,0
BRDA:241,33,0,0
BRDA:241,33,1,0
BRDA:247,34,0,30
BRDA:247,34,1,0
BRDA:248,35,0,28
BRDA:248,35,1,0
BRDA:249,36,0,30
BRDA:249,36,1,28
BRDA:250,37,0,30
BRDA:250,37,1,28
BRDA:267,38,0,28
BRDA:267,38,1,0
BRDA:285,39,0,112
BRDA:285,39,1,0
BRDA:288,40,0,112
BRDA:288,40,1,0
BRDA:289,41,0,112
BRDA:289,41,1,112
BRDA:299,42,0,112
BRDA:299,42,1,0
BRDA:304,43,0,30
BRDA:304,43,1,26
BRDA:311,44,0,26
BRDA:311,44,1,25
BRDA:328,45,0,30
BRDA:328,45,1,25
BRDA:329,46,0,30
BRDA:329,46,1,11
BRDA:332,47,0,11
BRDA:332,47,1,44
BRDA:342,48,0,30
BRDA:342,48,1,1
BRDA:353,49,0,30
BRDA:353,49,1,27
BRDA:353,49,2,1
BRDA:354,50,0,30
BRDA:354,50,1,27
BRDA:354,50,2,26
BRDA:354,50,3,1
BRDA:356,51,0,30
BRDA:356,51,1,27
BRDA:356,51,2,26
BRDA:356,51,3,25
BRDA:365,52,0,25
BRDA:365,52,1,0
BRDA:367,53,0,25
BRDA:367,53,1,11
BRDA:372,54,0,25
BRDA:372,54,1,0
BRDA:373,55,0,25
BRDA:373,55,1,0
BRDA:379,56,0,25
BRDA:379,56,1,25
BRDA:395,57,0,30
BRDA:395,57,1,11
BRDA:415,58,0,30
BRDA:415,58,1,0
BRDA:419,59,0,30
BRDA:419,59,1,28
BRDA:419,59,2,2
BRDA:423,60,0,2
BRDA:423,60,1,0
BRDA:429,61,0,30
BRDA:429,61,1,28
BRDA:430,62,0,0
BRDA:430,62,1,28
BRF:132
BRH:98
end_of_record
TN:
SF:src/components/mentee/dashboard/findMentors/SearchBar.jsx
FN:2,(anonymous_0)
FN:3,(anonymous_1)
FN:6,(anonymous_2)
FNF:3
FNH:3
FNDA:4,(anonymous_0)
FNDA:1,(anonymous_1)
FNDA:1,(anonymous_2)
DA:2,1
DA:3,4
DA:4,1
DA:6,4
DA:7,1
DA:9,4
DA:56,1
LF:7
LH:7
BRDA:33,0,0,4
BRDA:33,0,1,2
BRF:2
BRH:2
end_of_record
TN:
SF:src/components/mentee/dashboard/history/DetailDrawer.jsx
FN:16,(anonymous_0)
FN:40,(anonymous_1)
FN:46,(anonymous_2)
FN:57,(anonymous_3)
FN:73,(anonymous_4)
FN:100,(anonymous_5)
FN:144,(anonymous_6)
FN:196,(anonymous_7)
FN:241,(anonymous_8)
FN:290,(anonymous_9)
FN:322,(anonymous_10)
FN:346,(anonymous_11)
FN:362,(anonymous_12)
FN:389,(anonymous_13)
FN:436,(anonymous_14)
FN:439,(anonymous_15)
FN:444,(anonymous_16)
FN:458,(anonymous_17)
FN:459,(anonymous_18)
FNF:19
FNH:17
FNDA:0,(anonymous_0)
FNDA:14,(anonymous_1)
FNDA:0,(anonymous_2)
FNDA:14,(anonymous_3)
FNDA:3,(anonymous_4)
FNDA:5,(anonymous_5)
FNDA:2,(anonymous_6)
FNDA:1,(anonymous_7)
FNDA:1,(anonymous_8)
FNDA:5,(anonymous_9)
FNDA:1,(anonymous_10)
FNDA:1,(anonymous_11)
FNDA:1,(anonymous_12)
FNDA:16,(anonymous_13)
FNDA:1,(anonymous_14)
FNDA:2,(anonymous_15)
FNDA:1,(anonymous_16)
FNDA:1,(anonymous_17)
FNDA:1,(anonymous_18)
DA:16,1
DA:17,0
DA:35,1
DA:40,1
DA:41,14
DA:47,0
DA:52,1
DA:57,1
DA:58,14
DA:59,0
DA:68,1
DA:73,1
DA:74,3
DA:76,3
DA:91,1
DA:100,1
DA:101,5
DA:103,5
DA:135,1
DA:144,1
DA:145,2
DA:146,2
DA:148,2
DA:196,1
DA:229,1
DA:241,1
DA:242,1
DA:244,1
DA:281,1
DA:290,1
DA:291,5
DA:292,5
DA:294,5
DA:296,5
DA:322,1
DA:346,1
DA:351,1
DA:362,1
DA:363,1
DA:365,1
DA:380,1
DA:389,1
DA:390,16
DA:392,16
DA:394,15
DA:395,15
DA:397,16
DA:436,1
DA:439,2
DA:444,1
DA:458,1
DA:459,1
DA:465,1
LF:53
LH:50
BRDA:18,0,0,0
BRDA:18,0,1,0
BRDA:23,1,0,0
BRDA:23,1,1,0
BRDA:30,2,0,0
BRDA:30,2,1,0
BRDA:40,3,0,14
BRDA:40,4,0,14
BRDA:58,5,0,14
BRDA:58,5,1,0
BRDA:74,6,0,3
BRDA:101,7,0,5
BRDA:160,8,0,2
BRDA:160,8,1,1
BRDA:171,9,0,2
BRDA:171,9,1,1
BRDA:171,9,2,1
BRDA:192,10,0,2
BRDA:192,10,1,0
BRDA:200,11,0,1
BRDA:200,11,1,1
BRDA:218,12,0,2
BRDA:218,12,1,1
BRDA:261,13,0,1
BRDA:261,13,1,0
BRDA:270,14,0,1
BRDA:270,14,1,1
BRDA:291,15,0,5
BRDA:304,16,0,5
BRDA:304,16,1,0
BRDA:313,17,0,5
BRDA:313,17,1,1
BRDA:314,18,0,5
BRDA:314,18,1,1
BRDA:319,19,0,5
BRDA:319,19,1,3
BRDA:345,20,0,5
BRDA:345,20,1,1
BRDA:345,20,2,1
BRDA:363,21,0,1
BRDA:367,22,0,1
BRDA:367,22,1,1
BRDA:392,23,0,1
BRDA:392,23,1,15
BRDA:435,24,0,16
BRDA:435,24,1,3
BRDA:438,25,0,16
BRDA:438,25,1,5
BRDA:441,26,0,16
BRDA:441,26,1,2
BRDA:442,27,0,16
BRDA:442,27,1,1
BRDA:443,28,0,16
BRDA:443,28,1,3
BRDA:446,29,0,16
BRDA:446,29,1,1
BRDA:451,30,0,16
BRDA:451,30,1,1
BRDA:455,31,0,16
BRDA:455,31,1,2
BRF:60
BRH:50
end_of_record
TN:
SF:src/components/mentee/dashboard/history/EscrowPaymentModal.jsx
FN:8,(anonymous_0)
FN:26,(anonymous_1)
FN:44,(anonymous_2)
FN:61,(anonymous_3)
FN:62,(anonymous_4)
FN:80,(anonymous_5)
FN:121,(anonymous_6)
FN:209,(anonymous_7)
FNF:8
FNH:8
FNDA:23,(anonymous_0)
FNDA:66,(anonymous_1)
FNDA:25,(anonymous_2)
FNDA:10,(anonymous_3)
FNDA:10,(anonymous_4)
FNDA:3,(anonymous_5)
FNDA:1,(anonymous_6)
FNDA:73,(anonymous_7)
DA:8,1
DA:9,23
DA:23,1
DA:26,1
DA:27,66
DA:41,1
DA:44,1
DA:45,25
DA:46,25
DA:47,25
DA:48,25
DA:49,25
DA:50,25
DA:52,25
DA:53,25
DA:54,25
DA:55,25
DA:56,25
DA:57,25
DA:58,25
DA:59,25
DA:61,25
DA:62,10
DA:63,10
DA:64,10
DA:65,10
DA:66,9
DA:67,10
DA:68,9
DA:70,0
DA:74,9
DA:77,10
DA:80,25
DA:81,3
DA:82,3
DA:83,0
DA:84,0
DA:86,3
DA:87,0
DA:88,0
DA:90,3
DA:91,3
DA:92,3
DA:97,2
DA:108,1
DA:112,3
DA:116,25
DA:117,2
DA:122,1
DA:123,1
DA:129,23
DA:130,10
DA:133,13
DA:134,0
DA:136,13
DA:144,23
DA:210,73
DA:362,1
LF:58
LH:52
BRDA:8,0,0,23
BRDA:26,1,0,66
BRDA:52,2,0,25
BRDA:52,2,1,0
BRDA:53,3,0,25
BRDA:53,3,1,2
BRDA:57,4,0,25
BRDA:57,4,1,15
BRDA:58,5,0,25
BRDA:58,5,1,0
BRDA:66,6,0,9
BRDA:66,6,1,0
BRDA:67,7,0,9
BRDA:67,7,1,1
BRDA:71,8,0,0
BRDA:71,8,1,0
BRDA:77,9,0,10
BRDA:77,9,1,0
BRDA:82,10,0,0
BRDA:82,10,1,3
BRDA:82,11,0,3
BRDA:82,11,1,3
BRDA:86,12,0,0
BRDA:86,12,1,3
BRDA:109,13,0,1
BRDA:109,13,1,0
BRDA:116,14,0,2
BRDA:116,14,1,23
BRDA:129,15,0,10
BRDA:129,15,1,13
BRDA:133,16,0,0
BRDA:133,16,1,13
BRDA:138,17,0,1
BRDA:138,17,1,12
BRDA:188,18,0,23
BRDA:188,18,1,2
BRDA:198,19,0,25
BRDA:198,19,1,2
BRDA:205,20,0,0
BRDA:205,20,1,23
BRDA:232,21,0,0
BRDA:232,21,1,23
BRDA:243,22,0,10
BRDA:243,22,1,13
BRDA:278,23,0,25
BRDA:278,23,1,1
BRDA:309,24,0,25
BRDA:309,24,1,1
BRDA:321,25,0,25
BRDA:321,25,1,20
BRDA:321,25,2,10
BRDA:321,25,3,9
BRDA:326,26,0,3
BRDA:326,26,1,20
BRF:54
BRH:42
end_of_record
TN:
SF:src/components/mentee/dashboard/history/EscrowSuccessModal.jsx
FN:4,(anonymous_0)
FN:22,(anonymous_1)
FN:42,(anonymous_2)
FNF:3
FNH:3
FNDA:10,(anonymous_0)
FNDA:5,(anonymous_1)
FNDA:5,(anonymous_2)
DA:4,1
DA:5,10
DA:19,1
DA:22,1
DA:23,5
DA:42,1
DA:43,5
DA:131,1
LF:8
LH:8
BRDA:4,0,0,10
BRF:1
BRH:1
end_of_record
TN:
SF:src/components/mentee/dashboard/history/HistoryTable.jsx
FN:6,(anonymous_0)
FN:35,(anonymous_1)
FN:73,(anonymous_2)
FN:76,(anonymous_3)
FN:97,(anonymous_4)
FN:109,(anonymous_5)
FN:163,(anonymous_6)
FN:167,(anonymous_7)
FNF:8
FNH:8
FNDA:9,(anonymous_0)
FNDA:9,(anonymous_1)
FNDA:9,(anonymous_2)
FNDA:9,(anonymous_3)
FNDA:40,(anonymous_4)
FNDA:9,(anonymous_5)
FNDA:2,(anonymous_6)
FNDA:1,(anonymous_7)
DA:6,1
DA:7,9
DA:31,1
DA:35,1
DA:36,9
DA:61,1
DA:66,1
DA:73,1
DA:74,9
DA:76,1
DA:77,9
DA:78,1
DA:92,8
DA:98,40
DA:110,9
DA:111,9
DA:112,9
DA:113,9
DA:114,9
DA:115,9
DA:116,9
DA:118,9
DA:163,2
DA:167,1
DA:177,1
LF:25
LH:25
BRDA:40,0,0,2
BRDA:40,0,1,7
BRDA:45,1,0,2
BRDA:45,1,1,7
BRDA:73,2,0,9
BRDA:77,3,0,1
BRDA:77,3,1,8
BRDA:111,4,0,9
BRDA:111,4,1,1
BRDA:112,5,0,9
BRDA:112,5,1,1
BRDA:122,6,0,2
BRDA:122,6,1,7
BRDA:163,7,0,1
BRDA:163,7,1,1
BRF:15
BRH:15
end_of_record
TN:
SF:src/components/mentee/dashboard/history/RequestHistoryTab.jsx
FN:8,(anonymous_0)
FN:23,(anonymous_1)
FN:24,(anonymous_2)
FN:26,(anonymous_3)
FN:33,(anonymous_4)
FN:63,(anonymous_5)
FN:67,(anonymous_6)
FN:105,(anonymous_7)
FNF:8
FNH:7
FNDA:9,(anonymous_0)
FNDA:8,(anonymous_1)
FNDA:0,(anonymous_2)
FNDA:1,(anonymous_3)
FNDA:8,(anonymous_4)
FNDA:56,(anonymous_5)
FNDA:1,(anonymous_6)
FNDA:1,(anonymous_7)
DA:8,1
DA:21,9
DA:23,9
DA:24,8
DA:26,8
DA:27,1
DA:28,1
DA:29,1
DA:33,8
DA:34,8
DA:35,8
DA:39,9
DA:40,1
DA:43,8
DA:64,56
DA:68,1
DA:69,1
DA:105,1
LF:18
LH:18
BRDA:27,0,0,1
BRDA:27,0,1,0
BRDA:39,1,0,1
BRDA:39,1,1,8
BRDA:54,2,0,8
BRDA:54,2,1,1
BRDA:72,3,0,8
BRDA:72,3,1,48
BRDA:78,4,0,56
BRDA:78,4,1,16
BRDA:81,5,0,8
BRDA:81,5,1,8
BRF:12
BRH:11
end_of_record
TN:
SF:src/components/mentee/dashboard/history/constants.js
FN:31,(anonymous_0)
FN:40,(anonymous_1)
FN:48,(anonymous_2)
FN:51,(anonymous_3)
FNF:4
FNH:4
FNDA:34,(anonymous_0)
FNDA:12,(anonymous_1)
FNDA:29,(anonymous_2)
FNDA:43,(anonymous_3)
DA:3,5
DA:13,5
DA:22,5
DA:31,5
DA:32,34
DA:33,15
DA:40,5
DA:41,12
DA:42,10
DA:43,10
DA:44,12
DA:45,12
DA:48,5
DA:49,29
DA:51,43
LF:15
LH:15
BRDA:32,0,0,19
BRDA:32,0,1,15
BRDA:41,1,0,2
BRDA:41,1,1,10
BRDA:43,2,0,2
BRDA:43,2,1,8
BRDA:44,3,0,12
BRDA:44,3,1,2
BRDA:49,4,0,29
BRDA:49,4,1,2
BRF:10
BRH:10
end_of_record
TN:
SF:src/components/mentee/notifications/NotificationsTab.jsx
FN:9,(anonymous_0)
FN:70,(anonymous_1)
FN:72,(anonymous_2)
FN:76,(anonymous_3)
FN:77,(anonymous_4)
FN:81,(anonymous_5)
FN:93,(anonymous_6)
FN:109,(anonymous_7)
FN:130,(anonymous_8)
FN:144,(anonymous_9)
FN:146,(anonymous_10)
FN:160,(anonymous_11)
FN:165,(anonymous_12)
FN:199,(anonymous_13)
FN:202,(anonymous_14)
FN:247,(anonymous_15)
FN:250,(anonymous_16)
FN:251,(anonymous_17)
FN:314,(anonymous_18)
FNF:19
FNH:17
FNDA:38,(anonymous_0)
FNDA:32,(anonymous_1)
FNDA:63,(anonymous_2)
FNDA:32,(anonymous_3)
FNDA:66,(anonymous_4)
FNDA:0,(anonymous_5)
FNDA:0,(anonymous_6)
FNDA:5,(anonymous_7)
FNDA:7,(anonymous_8)
FNDA:64,(anonymous_9)
FNDA:1,(anonymous_10)
FNDA:32,(anonymous_11)
FNDA:7,(anonymous_12)
FNDA:2,(anonymous_13)
FNDA:2,(anonymous_14)
FNDA:28,(anonymous_15)
FNDA:33,(anonymous_16)
FNDA:33,(anonymous_17)
FNDA:32,(anonymous_18)
DA:8,1
DA:9,38
DA:11,1
DA:12,1
DA:13,1
DA:15,1
DA:28,1
DA:35,1
DA:36,1
DA:38,1
DA:46,1
DA:52,1
DA:58,1
DA:70,1
DA:71,32
DA:72,63
DA:75,1
DA:76,1
DA:77,66
DA:78,32
DA:81,1
DA:82,0
DA:83,0
DA:84,0
DA:85,0
DA:86,0
DA:87,0
DA:88,0
DA:89,0
DA:90,0
DA:93,1
DA:109,1
DA:110,5
DA:111,5
DA:112,3
DA:113,2
DA:114,1
DA:116,5
DA:122,1
DA:130,1
DA:131,7
DA:132,6
DA:133,6
DA:134,2
DA:135,4
DA:136,1
DA:137,3
DA:138,1
DA:139,2
DA:140,1
DA:144,1
DA:145,64
DA:146,1
DA:155,1
DA:160,1
DA:161,32
DA:162,32
DA:163,32
DA:164,32
DA:165,32
DA:166,7
DA:167,7
DA:169,32
DA:200,2
DA:202,2
DA:228,1
DA:247,1
DA:248,28
DA:250,33
DA:251,28
DA:252,33
DA:253,32
DA:254,33
DA:257,28
DA:259,27
DA:315,32
DA:325,1
LF:77
LH:68
BRDA:9,0,0,38
BRDA:9,0,1,12
BRDA:70,1,0,32
BRDA:72,2,0,32
BRDA:72,2,1,1
BRDA:72,3,0,63
BRDA:72,3,1,1
BRDA:76,4,0,32
BRDA:82,5,0,0
BRDA:82,5,1,0
BRDA:85,6,0,0
BRDA:85,6,1,0
BRDA:86,7,0,0
BRDA:86,7,1,0
BRDA:86,8,0,0
BRDA:86,8,1,0
BRDA:88,9,0,0
BRDA:88,9,1,0
BRDA:88,10,0,0
BRDA:88,10,1,0
BRDA:90,11,0,0
BRDA:90,11,1,0
BRDA:99,12,0,0
BRDA:99,12,1,0
BRDA:101,13,0,0
BRDA:101,13,1,0
BRDA:105,14,0,0
BRDA:105,14,1,0
BRDA:109,15,0,5
BRDA:111,16,0,3
BRDA:111,16,1,2
BRDA:113,17,0,1
BRDA:113,17,1,1
BRDA:131,18,0,1
BRDA:131,18,1,6
BRDA:133,19,0,2
BRDA:133,19,1,4
BRDA:135,20,0,1
BRDA:135,20,1,3
BRDA:137,21,0,1
BRDA:137,21,1,2
BRDA:139,22,0,1
BRDA:139,22,1,1
BRDA:162,23,0,32
BRDA:162,23,1,4
BRDA:163,24,0,32
BRDA:163,24,1,2
BRDA:166,25,0,6
BRDA:166,25,1,1
BRDA:174,26,0,4
BRDA:174,26,1,28
BRDA:175,27,0,1
BRDA:175,27,1,31
BRDA:178,28,0,32
BRDA:178,28,1,28
BRDA:188,29,0,32
BRDA:188,29,1,28
BRDA:192,30,0,4
BRDA:192,30,1,28
BRDA:194,31,0,32
BRDA:194,31,1,30
BRDA:194,32,0,4
BRDA:194,32,1,26
BRDA:196,33,0,4
BRDA:196,33,1,28
BRDA:197,34,0,32
BRDA:197,34,1,1
BRDA:203,35,0,1
BRDA:203,35,1,1
BRDA:215,36,0,32
BRDA:215,36,1,4
BRDA:252,37,0,1
BRDA:252,37,1,32
BRDA:253,38,0,32
BRDA:253,38,1,0
BRDA:254,39,0,33
BRDA:254,39,1,4
BRDA:254,39,2,3
BRDA:254,39,3,2
BRDA:254,39,4,2
BRDA:257,40,0,1
BRDA:257,40,1,27
BRDA:291,41,0,23
BRDA:291,41,1,4
BRDA:302,42,0,28
BRDA:302,42,1,1
BRDA:304,43,0,2
BRDA:304,43,1,25
BRF:88
BRH:67
end_of_record
TN:
SF:src/components/mentee/onboarding/InterestedFieldsSection.jsx
FN:8,(anonymous_0)
FN:11,(anonymous_1)
FN:25,(anonymous_2)
FN:33,(anonymous_3)
FN:46,(anonymous_4)
FN:47,(anonymous_5)
FN:74,(anonymous_6)
FN:76,(anonymous_7)
FN:82,(anonymous_8)
FN:86,(anonymous_9)
FN:128,(anonymous_10)
FN:129,(anonymous_11)
FN:149,(anonymous_12)
FN:150,(anonymous_13)
FNF:14
FNH:13
FNDA:39,(anonymous_0)
FNDA:4,(anonymous_1)
FNDA:6,(anonymous_2)
FNDA:1,(anonymous_3)
FNDA:13,(anonymous_4)
FNDA:17,(anonymous_5)
FNDA:11,(anonymous_6)
FNDA:2,(anonymous_7)
FNDA:1,(anonymous_8)
FNDA:2,(anonymous_9)
FNDA:1,(anonymous_10)
FNDA:1,(anonymous_11)
FNDA:1,(anonymous_12)
FNDA:0,(anonymous_13)
DA:6,1
DA:8,1
DA:9,39
DA:11,39
DA:12,4
DA:13,4
DA:14,2
DA:15,2
DA:17,2
DA:18,2
DA:21,39
DA:26,6
DA:33,1
DA:46,13
DA:48,17
DA:49,3
DA:50,3
DA:61,1
DA:74,1
DA:75,11
DA:76,11
DA:77,2
DA:82,11
DA:83,1
DA:86,2
DA:91,11
DA:128,1
DA:129,1
DA:149,1
DA:150,0
DA:165,1
LF:31
LH:30
BRDA:13,0,0,2
BRDA:13,0,1,2
BRDA:13,1,0,4
BRDA:13,1,1,3
BRDA:23,2,0,39
BRDA:23,2,1,5
BRDA:48,3,0,3
BRDA:48,3,1,14
BRDA:55,4,0,2
BRDA:55,4,1,37
BRDA:75,5,0,11
BRDA:78,6,0,2
BRDA:78,6,1,0
BRDA:86,7,0,1
BRDA:86,7,1,0
BRDA:127,8,0,11
BRDA:127,8,1,1
BRDA:133,9,0,11
BRDA:133,9,1,1
BRDA:148,10,0,11
BRDA:148,10,1,1
BRDA:154,11,0,11
BRDA:154,11,1,1
BRF:23
BRH:21
end_of_record
TN:
SF:src/components/mentee/onboarding/MenteeOnboardingShell.jsx
FN:16,(anonymous_0)
FN:28,(anonymous_1)
FN:30,(anonymous_2)
FN:41,(anonymous_3)
FN:44,(anonymous_4)
FN:52,(anonymous_5)
FN:56,(anonymous_6)
FN:59,(anonymous_7)
FN:73,(anonymous_8)
FNF:9
FNH:5
FNDA:18,(anonymous_0)
FNDA:5,(anonymous_1)
FNDA:3,(anonymous_2)
FNDA:0,(anonymous_3)
FNDA:0,(anonymous_4)
FNDA:0,(anonymous_5)
FNDA:0,(anonymous_6)
FNDA:5,(anonymous_7)
FNDA:18,(anonymous_8)
DA:16,1
DA:17,18
DA:19,18
DA:22,18
DA:28,5
DA:30,18
DA:31,3
DA:32,3
DA:34,3
DA:37,3
DA:41,18
DA:42,0
DA:43,0
DA:44,0
DA:45,0
DA:46,0
DA:47,0
DA:50,0
DA:52,18
DA:53,0
DA:54,0
DA:55,0
DA:56,0
DA:59,18
DA:60,5
DA:61,5
DA:62,5
DA:63,3
DA:64,3
DA:65,3
DA:67,2
DA:68,2
DA:72,18
DA:73,18
DA:76,18
LF:35
LH:24
BRDA:31,0,0,0
BRDA:31,0,1,3
BRDA:34,1,0,3
BRDA:34,1,1,2
BRDA:34,1,2,1
BRDA:37,2,0,2
BRDA:37,2,1,1
BRDA:43,3,0,0
BRDA:43,3,1,0
BRDA:55,4,0,0
BRDA:55,4,1,0
BRDA:62,5,0,3
BRDA:62,5,1,2
BRDA:79,6,0,18
BRDA:79,6,1,1
BRDA:128,7,0,18
BRDA:128,7,1,2
BRDA:130,8,0,1
BRDA:130,8,1,1
BRDA:135,9,0,1
BRDA:135,9,1,1
BRDA:146,10,0,1
BRDA:146,10,1,17
BRF:23
BRH:18
end_of_record
TN:
SF:src/components/mentee/onboarding/MentorshipPrefsSection.jsx
FN:9,(anonymous_0)
FN:24,(anonymous_1)
FN:32,(anonymous_2)
FN:33,(anonymous_3)
FN:39,(anonymous_4)
FN:43,(anonymous_5)
FN:49,(anonymous_6)
FN:51,(anonymous_7)
FN:56,(anonymous_8)
FN:58,(anonymous_9)
FN:75,(anonymous_10)
FN:82,(anonymous_11)
FN:108,(anonymous_12)
FN:113,(anonymous_13)
FN:113,(anonymous_14)
FN:127,(anonymous_15)
FN:127,(anonymous_16)
FN:146,(anonymous_17)
FN:152,(anonymous_18)
FNF:19
FNH:19
FNDA:2,(anonymous_0)
FNDA:17,(anonymous_1)
FNDA:10,(anonymous_2)
FNDA:12,(anonymous_3)
FNDA:10,(anonymous_4)
FNDA:5,(anonymous_5)
FNDA:2,(anonymous_6)
FNDA:1,(anonymous_7)
FNDA:2,(anonymous_8)
FNDA:1,(anonymous_9)
FNDA:34,(anonymous_10)
FNDA:2,(anonymous_11)
FNDA:5,(anonymous_12)
FNDA:1,(anonymous_13)
FNDA:2,(anonymous_14)
FNDA:6,(anonymous_15)
FNDA:6,(anonymous_16)
FNDA:15,(anonymous_17)
FNDA:2,(anonymous_18)
DA:9,1
DA:10,2
DA:20,1
DA:24,1
DA:25,17
DA:26,17
DA:27,17
DA:29,17
DA:30,17
DA:32,17
DA:33,10
DA:34,12
DA:35,4
DA:38,10
DA:39,10
DA:43,17
DA:44,5
DA:49,17
DA:50,2
DA:51,1
DA:53,2
DA:56,17
DA:57,2
DA:58,1
DA:60,2
DA:63,17
DA:76,34
DA:77,34
DA:82,2
DA:109,5
DA:113,2
DA:127,6
DA:147,15
DA:148,15
DA:152,2
LF:35
LH:35
BRDA:9,0,0,2
BRDA:9,1,0,2
BRDA:29,2,0,17
BRDA:29,2,1,0
BRDA:30,3,0,17
BRDA:30,3,1,0
BRDA:34,4,0,4
BRDA:34,4,1,8
BRDA:34,5,0,12
BRDA:34,5,1,12
BRDA:50,6,0,1
BRDA:50,6,1,1
BRDA:57,7,0,1
BRDA:57,7,1,1
BRDA:86,8,0,1
BRDA:86,8,1,33
BRDA:89,9,0,34
BRDA:89,9,1,1
BRDA:106,10,0,17
BRDA:106,10,1,4
BRDA:130,11,0,13
BRDA:130,11,1,4
BRDA:131,12,0,13
BRDA:131,12,1,4
BRDA:136,13,0,5
BRDA:136,13,1,12
BRDA:144,14,0,17
BRDA:144,14,1,5
BRDA:153,15,0,1
BRDA:153,15,1,14
BRDA:157,16,0,15
BRDA:157,16,1,1
BRF:32
BRH:30
end_of_record
TN:
SF:src/components/mentee/onboarding/PersonalInfoSection.jsx
FN:5,(anonymous_0)
FN:9,(anonymous_1)
FNF:2
FNH:2
FNDA:12,(anonymous_0)
FNDA:1,(anonymous_1)
DA:5,1
DA:6,12
DA:8,12
DA:10,1
DA:13,12
DA:14,2
DA:17,10
DA:18,1
DA:26,9
DA:30,12
LF:10
LH:10
BRDA:6,0,0,12
BRDA:13,1,0,2
BRDA:13,1,1,10
BRDA:17,2,0,1
BRDA:17,2,1,9
BRDA:60,3,0,2
BRDA:60,3,1,10
BRDA:62,4,0,2
BRDA:62,4,1,10
BRDA:67,5,0,12
BRDA:67,5,1,1
BRDA:100,6,0,12
BRDA:100,6,1,1
BRF:13
BRH:13
end_of_record
TN:
SF:src/components/mentee/onboarding/ProfessionalDetailsSection.jsx
FN:27,(anonymous_0)
FN:78,(anonymous_1)
FN:107,(anonymous_2)
FNF:3
FNH:3
FNDA:7,(anonymous_0)
FNDA:42,(anonymous_1)
FNDA:77,(anonymous_2)
DA:4,1
DA:13,1
DA:27,1
DA:28,7
DA:29,7
DA:79,42
DA:108,77
LF:7
LH:7
BRDA:28,0,0,7
BRDA:63,1,0,7
BRDA:63,1,1,1
BRDA:72,2,0,7
BRDA:72,2,1,1
BRDA:75,3,0,7
BRDA:75,3,1,1
BRDA:101,4,0,7
BRDA:101,4,1,1
BRDA:104,5,0,7
BRDA:104,5,1,1
BRF:11
BRH:11
end_of_record
TN:
SF:src/components/mentee/onboarding/SocialLinksSection.jsx
FN:5,(anonymous_0)
FNF:1
FNH:1
FNDA:5,(anonymous_0)
DA:5,1
DA:6,5
DA:7,5
LF:3
LH:3
BRF:0
BRH:0
end_of_record
TN:
SF:src/components/mentee/profile/MenteeEditProfileShell.jsx
FN:12,(anonymous_0)
FN:22,(anonymous_1)
FN:53,(anonymous_2)
FNF:3
FNH:3
FNDA:6,(anonymous_0)
FNDA:6,(anonymous_1)
FNDA:1,(anonymous_2)
DA:12,1
DA:13,6
DA:14,6
DA:22,6
DA:24,6
DA:25,1
DA:32,5
DA:53,1
LF:8
LH:8
BRDA:24,0,0,1
BRDA:24,0,1,5
BRDA:78,1,0,5
BRDA:78,1,1,2
BRDA:80,2,0,1
BRDA:80,2,1,1
BRDA:85,3,0,1
BRDA:85,3,1,1
BRDA:95,4,0,1
BRDA:95,4,1,4
BRF:10
BRH:10
end_of_record
TN:
SF:src/components/mentor/PhoneNumberField.jsx
FN:7,(anonymous_0)
FN:14,(anonymous_1)
FN:65,(anonymous_2)
FNF:3
FNH:3
FNDA:5,(anonymous_0)
FNDA:1,(anonymous_1)
FNDA:2,(anonymous_2)
DA:7,1
DA:8,5
DA:10,5
DA:11,5
DA:12,5
DA:14,5
DA:15,1
DA:17,5
DA:18,5
DA:19,2
DA:20,3
DA:21,1
DA:23,5
DA:65,2
DA:179,1
LF:15
LH:15
BRDA:10,0,0,5
BRDA:10,0,1,4
BRDA:11,1,0,5
BRDA:11,1,1,2
BRDA:11,1,2,2
BRDA:12,2,0,5
BRDA:12,2,1,2
BRDA:15,3,0,1
BRDA:15,3,1,0
BRDA:18,4,0,2
BRDA:18,4,1,3
BRDA:18,5,0,5
BRDA:18,5,1,4
BRDA:20,6,0,1
BRDA:20,6,1,2
BRDA:70,7,0,5
BRDA:70,7,1,2
BRDA:70,7,2,2
BRDA:72,8,0,1
BRDA:72,8,1,1
BRDA:105,9,0,5
BRDA:105,9,1,4
BRDA:105,9,2,2
BRDA:110,10,0,2
BRDA:110,10,1,0
BRDA:113,11,0,5
BRDA:113,11,1,1
BRDA:118,12,0,5
BRDA:118,12,1,3
BRF:29
BRH:27
end_of_record
TN:
SF:src/components/mentor/ResumeUpload.jsx
FN:13,(anonymous_0)
FN:14,(anonymous_1)
FN:32,(anonymous_2)
FN:50,(anonymous_3)
FN:136,(anonymous_4)
FNF:5
FNH:4
FNDA:4,(anonymous_0)
FNDA:1,(anonymous_1)
FNDA:2,(anonymous_2)
FNDA:1,(anonymous_3)
FNDA:0,(anonymous_4)
DA:3,1
DA:10,1
DA:11,1
DA:13,1
DA:14,4
DA:15,1
DA:16,1
DA:18,1
DA:19,0
DA:23,0
DA:25,1
DA:26,0
DA:27,0
DA:29,1
DA:32,4
DA:33,2
DA:34,2
DA:35,2
DA:36,2
DA:37,1
DA:41,1
DA:43,1
DA:44,1
DA:45,1
DA:47,0
DA:50,4
DA:52,4
DA:136,0
DA:186,1
LF:29
LH:23
BRDA:16,0,0,0
BRDA:16,0,1,1
BRDA:18,1,0,0
BRDA:18,1,1,1
BRDA:25,2,0,0
BRDA:25,2,1,1
BRDA:35,3,0,0
BRDA:35,3,1,2
BRDA:36,4,0,1
BRDA:36,4,1,1
BRDA:43,5,0,1
BRDA:43,5,1,0
BRDA:85,6,0,1
BRDA:85,6,1,3
BRDA:138,7,0,0
BRDA:138,7,1,3
BRDA:177,8,0,4
BRDA:177,8,1,0
BRF:18
BRH:11
end_of_record
TN:
SF:src/components/mentor/VerificationFormShell.jsx
FN:11,(anonymous_0)
FN:32,(anonymous_1)
FN:34,(anonymous_2)
FN:37,(anonymous_3)
FN:39,(anonymous_4)
FN:42,(anonymous_5)
FN:44,(anonymous_6)
FN:48,(anonymous_7)
FN:56,(anonymous_8)
FN:61,(anonymous_9)
FN:73,(anonymous_10)
FN:84,(anonymous_11)
FNF:12
FNH:11
FNDA:12,(anonymous_0)
FNDA:1,(anonymous_1)
FNDA:0,(anonymous_2)
FNDA:1,(anonymous_3)
FNDA:1,(anonymous_4)
FNDA:1,(anonymous_5)
FNDA:1,(anonymous_6)
FNDA:2,(anonymous_7)
FNDA:2,(anonymous_8)
FNDA:1,(anonymous_9)
FNDA:1,(anonymous_10)
FNDA:3,(anonymous_11)
DA:11,1
DA:12,12
DA:15,12
DA:16,12
DA:17,12
DA:18,12
DA:19,12
DA:22,12
DA:29,12
DA:32,12
DA:33,1
DA:34,1
DA:37,12
DA:38,1
DA:39,1
DA:42,12
DA:43,1
DA:44,1
DA:48,12
DA:49,2
DA:50,2
DA:51,2
DA:52,2
DA:56,12
DA:57,2
DA:59,2
DA:60,2
DA:61,1
DA:62,1
DA:65,1
DA:71,1
DA:72,1
DA:73,1
DA:77,12
DA:84,3
LF:35
LH:35
BRDA:34,0,0,0
BRDA:34,0,1,1
BRDA:39,1,0,1
BRDA:39,1,1,1
BRDA:44,2,0,1
BRDA:44,2,1,1
BRDA:50,3,0,1
BRDA:50,3,1,1
BRDA:51,4,0,1
BRDA:51,4,1,1
BRDA:60,5,0,1
BRDA:60,5,1,1
BRDA:71,6,0,1
BRDA:71,6,1,0
BRDA:83,7,0,12
BRDA:83,7,1,4
BRDA:87,8,0,12
BRDA:87,8,1,1
BRDA:170,9,0,12
BRDA:170,9,1,1
BRDA:170,9,2,1
BRDA:182,10,0,5
BRDA:182,10,1,7
BRF:23
BRH:21
end_of_record
TN:
SF:src/components/mentor/VerificationInstructionsModal.jsx
FN:91,(anonymous_0)
FN:94,(anonymous_1)
FN:165,(anonymous_2)
FN:230,(anonymous_3)
FN:230,(anonymous_4)
FN:254,(anonymous_5)
FN:254,(anonymous_6)
FNF:7
FNH:7
FNDA:8,(anonymous_0)
FNDA:32,(anonymous_1)
FNDA:32,(anonymous_2)
FNDA:1,(anonymous_3)
FNDA:1,(anonymous_4)
FNDA:4,(anonymous_5)
FNDA:4,(anonymous_6)
DA:5,1
DA:91,1
DA:92,8
DA:93,8
DA:94,8
DA:95,32
DA:96,24
DA:97,17
DA:99,8
DA:166,32
DA:230,1
DA:254,4
DA:266,1
LF:13
LH:13
BRDA:95,0,0,8
BRDA:95,0,1,24
BRDA:96,1,0,7
BRDA:96,1,1,17
BRDA:190,2,0,8
BRDA:190,2,1,4
BRDA:204,3,0,8
BRDA:204,3,1,1
BRDA:245,4,0,1
BRDA:245,4,1,7
BRF:10
BRH:10
end_of_record
TN:
SF:src/components/mentor/WorkExperienceUpload.jsx
FN:7,(anonymous_0)
FN:9,(anonymous_1)
FN:18,(anonymous_2)
FN:24,(anonymous_3)
FN:35,(anonymous_4)
FN:44,(anonymous_5)
FN:49,(anonymous_6)
FN:57,(anonymous_7)
FN:58,(anonymous_8)
FN:82,(anonymous_9)
FN:101,(anonymous_10)
FN:118,(anonymous_11)
FNF:12
FNH:11
FNDA:11,(anonymous_0)
FNDA:3,(anonymous_1)
FNDA:3,(anonymous_2)
FNDA:2,(anonymous_3)
FNDA:4,(anonymous_4)
FNDA:3,(anonymous_5)
FNDA:2,(anonymous_6)
FNDA:1,(anonymous_7)
FNDA:1,(anonymous_8)
FNDA:5,(anonymous_9)
FNDA:1,(anonymous_10)
FNDA:0,(anonymous_11)
DA:3,1
DA:4,1
DA:5,1
DA:7,1
DA:9,11
DA:10,3
DA:11,3
DA:13,3
DA:14,0
DA:15,0
DA:18,3
DA:19,3
DA:20,1
DA:21,1
DA:24,2
DA:25,2
DA:26,1
DA:27,1
DA:30,1
DA:32,1
DA:35,11
DA:36,4
DA:37,4
DA:38,4
DA:40,4
DA:41,1
DA:42,1
DA:44,3
DA:45,3
DA:46,1
DA:47,1
DA:49,2
DA:50,2
DA:51,1
DA:52,1
DA:54,1
DA:57,11
DA:58,1
DA:61,11
DA:83,5
DA:101,1
DA:118,0
DA:159,1
LF:43
LH:40
BRDA:13,0,0,0
BRDA:13,0,1,3
BRDA:19,1,0,1
BRDA:19,1,1,2
BRDA:25,2,0,1
BRDA:25,2,1,1
BRDA:40,3,0,1
BRDA:40,3,1,3
BRDA:45,4,0,1
BRDA:45,4,1,2
BRDA:50,5,0,1
BRDA:50,5,1,1
BRDA:80,6,0,11
BRDA:80,6,1,3
BRDA:114,7,0,11
BRDA:114,7,1,10
BRDA:120,8,0,1
BRDA:120,8,1,9
BRDA:150,9,0,11
BRDA:150,9,1,1
BRF:20
BRH:19
end_of_record
TN:
SF:src/components/mentor/dashboard/DashboardLayout.jsx
FN:14,(anonymous_0)
FN:15,(anonymous_1)
FN:16,(anonymous_2)
FN:17,(anonymous_3)
FN:18,(anonymous_4)
FN:19,(anonymous_5)
FN:20,(anonymous_6)
FN:21,(anonymous_7)
FN:33,(anonymous_8)
FN:37,(anonymous_9)
FN:51,(anonymous_10)
FN:65,(anonymous_11)
FN:70,(anonymous_12)
FN:85,(anonymous_13)
FN:120,(anonymous_14)
FN:120,(anonymous_15)
FN:122,(anonymous_16)
FNF:17
FNH:12
FNDA:1,(anonymous_0)
FNDA:1,(anonymous_1)
FNDA:0,(anonymous_2)
FNDA:0,(anonymous_3)
FNDA:0,(anonymous_4)
FNDA:1,(anonymous_5)
FNDA:0,(anonymous_6)
FNDA:0,(anonymous_7)
FNDA:4,(anonymous_8)
FNDA:16,(anonymous_9)
FNDA:13,(anonymous_10)
FNDA:8,(anonymous_11)
FNDA:7,(anonymous_12)
FNDA:2,(anonymous_13)
FNDA:1,(anonymous_14)
FNDA:1,(anonymous_15)
FNDA:1,(anonymous_16)
DA:14,1
DA:15,1
DA:16,1
DA:17,1
DA:18,1
DA:19,1
DA:20,1
DA:21,1
DA:23,1
DA:33,1
DA:34,4
DA:38,16
DA:51,1
DA:58,13
DA:59,13
DA:60,13
DA:61,13
DA:62,13
DA:63,13
DA:65,13
DA:66,8
DA:70,13
DA:71,7
DA:72,7
DA:80,7
DA:81,2
DA:85,13
DA:86,2
DA:87,2
DA:88,2
DA:89,1
DA:91,1
DA:94,13
DA:95,1
DA:102,12
DA:103,1
DA:118,11
DA:120,1
DA:122,1
LF:39
LH:39
BRDA:66,0,0,1
BRDA:66,0,1,7
BRDA:80,1,0,2
BRDA:80,1,1,5
BRDA:80,2,0,7
BRDA:80,2,1,2
BRDA:88,3,0,1
BRDA:88,3,1,1
BRDA:94,4,0,1
BRDA:94,4,1,12
BRDA:102,5,0,1
BRDA:102,5,1,11
BRDA:127,6,0,11
BRDA:127,6,1,8
BRDA:130,7,0,13
BRDA:130,7,1,1
BRDA:131,8,0,13
BRDA:131,8,1,0
BRDA:132,9,0,13
BRDA:132,9,1,0
BRDA:133,10,0,13
BRDA:133,10,1,0
BRDA:134,11,0,13
BRDA:134,11,1,2
BRDA:137,12,0,13
BRDA:137,12,1,0
BRDA:138,13,0,13
BRDA:138,13,1,0
BRF:28
BRH:23
end_of_record
TN:
SF:src/components/mentor/dashboard/MentorHomeTab.jsx
FN:21,(anonymous_0)
FN:24,(anonymous_1)
FN:36,(anonymous_2)
FN:43,(anonymous_3)
FN:51,(anonymous_4)
FN:52,(anonymous_5)
FN:53,(anonymous_6)
FN:54,(anonymous_7)
FN:57,(anonymous_8)
FN:72,(anonymous_9)
FN:78,(anonymous_10)
FN:84,(anonymous_11)
FN:110,(anonymous_12)
FN:131,(anonymous_13)
FN:142,(anonymous_14)
FN:144,(anonymous_15)
FN:144,(anonymous_16)
FN:156,(anonymous_17)
FN:168,(anonymous_18)
FN:174,(anonymous_19)
FN:181,(anonymous_20)
FN:189,(anonymous_21)
FN:191,(anonymous_22)
FN:192,(anonymous_23)
FN:227,(anonymous_24)
FN:254,(anonymous_25)
FN:291,(anonymous_26)
FNF:27
FNH:24
FNDA:22,(anonymous_0)
FNDA:22,(anonymous_1)
FNDA:44,(anonymous_2)
FNDA:28,(anonymous_3)
FNDA:13,(anonymous_4)
FNDA:13,(anonymous_5)
FNDA:13,(anonymous_6)
FNDA:13,(anonymous_7)
FNDA:13,(anonymous_8)
FNDA:0,(anonymous_9)
FNDA:0,(anonymous_10)
FNDA:22,(anonymous_11)
FNDA:1,(anonymous_12)
FNDA:0,(anonymous_13)
FNDA:6,(anonymous_14)
FNDA:24,(anonymous_15)
FNDA:24,(anonymous_16)
FNDA:13,(anonymous_17)
FNDA:13,(anonymous_18)
FNDA:22,(anonymous_19)
FNDA:52,(anonymous_20)
FNDA:52,(anonymous_21)
FNDA:6,(anonymous_22)
FNDA:6,(anonymous_23)
FNDA:22,(anonymous_24)
FNDA:1,(anonymous_25)
FNDA:52,(anonymous_26)
DA:20,1
DA:21,22
DA:24,1
DA:25,22
DA:26,22
DA:27,22
DA:36,1
DA:37,44
DA:38,44
DA:39,44
DA:40,44
DA:43,1
DA:44,28
DA:50,1
DA:51,13
DA:52,13
DA:53,13
DA:54,13
DA:57,1
DA:58,13
DA:59,13
DA:69,13
DA:72,1
DA:73,0
DA:78,1
DA:79,0
DA:84,1
DA:85,22
DA:86,22
DA:87,22
DA:88,22
DA:89,22
DA:90,22
DA:93,22
DA:110,1
DA:120,1
DA:131,1
DA:132,0
DA:142,1
DA:143,6
DA:144,24
DA:145,24
DA:156,1
DA:157,13
DA:158,13
DA:159,13
DA:160,13
DA:162,13
DA:163,13
DA:164,13
DA:165,13
DA:166,13
DA:168,13
DA:169,13
DA:170,0
DA:174,22
DA:176,13
DA:177,13
DA:179,13
DA:181,52
DA:189,52
DA:191,13
DA:192,6
DA:193,6
DA:194,6
DA:195,6
DA:196,5
DA:203,1
DA:204,1
DA:206,6
DA:209,6
DA:211,13
DA:212,13
DA:213,0
DA:214,13
DA:215,11
DA:216,11
DA:220,13
DA:221,0
DA:224,13
DA:225,11
DA:227,22
DA:231,2
DA:243,13
DA:254,1
DA:292,52
DA:352,1
LF:87
LH:81
BRDA:25,0,0,0
BRDA:25,0,1,22
BRDA:37,1,0,0
BRDA:37,1,1,44
BRDA:40,2,0,44
BRDA:40,2,1,0
BRDA:40,3,0,22
BRDA:40,3,1,22
BRDA:44,4,0,28
BRDA:44,4,1,4
BRDA:52,5,0,13
BRDA:52,5,1,0
BRDA:53,6,0,13
BRDA:53,6,1,0
BRDA:54,7,0,13
BRDA:54,7,1,0
BRDA:58,8,0,0
BRDA:58,8,1,13
BRDA:85,9,0,22
BRDA:85,9,1,11
BRDA:87,10,0,22
BRDA:87,10,1,0
BRDA:88,11,0,22
BRDA:88,11,1,0
BRDA:102,12,0,11
BRDA:102,12,1,11
BRDA:103,13,0,11
BRDA:103,13,1,11
BRDA:106,14,0,22
BRDA:106,14,1,0
BRDA:109,15,0,11
BRDA:109,15,1,11
BRDA:160,16,0,13
BRDA:160,16,1,0
BRDA:169,17,0,0
BRDA:169,17,1,13
BRDA:185,18,0,52
BRDA:185,18,1,0
BRDA:185,18,2,0
BRDA:197,19,0,5
BRDA:197,19,1,0
BRDA:198,20,0,6
BRDA:198,20,1,0
BRDA:199,21,0,6
BRDA:199,21,1,0
BRDA:200,22,0,6
BRDA:200,22,1,0
BRDA:212,23,0,0
BRDA:212,23,1,13
BRDA:214,24,0,11
BRDA:214,24,1,2
BRDA:215,25,0,11
BRDA:215,25,1,0
BRDA:220,26,0,0
BRDA:220,26,1,13
BRDA:224,27,0,11
BRDA:224,27,1,2
BRDA:253,28,0,13
BRDA:253,28,1,13
BRDA:268,29,0,0
BRDA:268,29,1,13
BRDA:268,30,0,13
BRDA:268,30,1,0
BRDA:269,31,0,13
BRDA:269,31,1,0
BRDA:269,32,0,13
BRDA:269,32,1,0
BRDA:270,33,0,6
BRDA:270,33,1,7
BRDA:271,34,0,0
BRDA:271,34,1,13
BRDA:278,35,0,13
BRDA:278,35,1,11
BRDA:292,36,0,26
BRDA:292,36,1,26
BRDA:293,37,0,52
BRDA:293,37,1,26
BRDA:295,38,0,26
BRDA:295,38,1,26
BRDA:307,39,0,6
BRDA:307,39,1,7
BRDA:332,40,0,7
BRDA:332,40,1,0
BRF:83
BRH:56
end_of_record
TN:
SF:src/components/mentor/dashboard/MentorshipPrefsCard.jsx
FN:10,(anonymous_0)
FN:29,(anonymous_1)
FNF:2
FNH:2
FNDA:6,(anonymous_0)
FNDA:7,(anonymous_1)
DA:10,1
DA:11,6
DA:12,6
DA:13,6
DA:14,6
DA:16,6
DA:30,7
DA:53,1
LF:8
LH:8
BRDA:12,0,0,6
BRDA:12,0,1,5
BRDA:13,1,0,6
BRDA:13,1,1,1
BRDA:14,2,0,6
BRDA:14,2,1,1
BRDA:25,3,0,2
BRDA:25,3,1,4
BRDA:34,4,0,7
BRDA:34,4,1,2
BRDA:46,5,0,4
BRDA:46,5,1,2
BRF:12
BRH:12
end_of_record
TN:
SF:src/components/mentor/dashboard/ProfessionalInfoCard.jsx
FN:5,(anonymous_0)
FN:15,(anonymous_1)
FNF:2
FNH:2
FNDA:42,(anonymous_0)
FNDA:10,(anonymous_1)
DA:5,1
DA:6,42
DA:11,1
DA:15,1
DA:16,10
DA:17,10
LF:6
LH:6
BRDA:8,0,0,42
BRDA:8,0,1,6
BRDA:45,1,0,7
BRDA:45,1,1,3
BRDA:50,2,0,10
BRDA:50,2,1,1
BRDA:53,3,0,10
BRDA:53,3,1,1
BRF:8
BRH:8
end_of_record
TN:
SF:src/components/mentor/dashboard/ProfileCard.jsx
FN:7,(anonymous_0)
FN:25,(anonymous_1)
FN:136,(anonymous_2)
FNF:3
FNH:3
FNDA:11,(anonymous_0)
FNDA:1,(anonymous_1)
FNDA:1,(anonymous_2)
DA:7,1
DA:8,11
DA:9,11
DA:10,11
DA:11,11
DA:12,11
DA:14,11
DA:25,1
DA:136,1
DA:161,1
LF:10
LH:10
BRDA:20,0,0,1
BRDA:20,0,1,10
BRDA:20,1,0,11
BRDA:20,1,1,2
BRDA:29,2,0,10
BRDA:29,2,1,1
BRDA:55,3,0,11
BRDA:55,3,1,1
BRDA:59,4,0,11
BRDA:59,4,1,1
BRDA:77,5,0,11
BRDA:77,5,1,1
BRDA:96,6,0,11
BRDA:96,6,1,10
BRDA:96,6,2,9
BRDA:118,7,0,11
BRDA:118,7,1,1
BRDA:119,8,0,10
BRDA:119,8,1,1
BRDA:122,9,0,11
BRDA:122,9,1,9
BRDA:134,10,0,11
BRDA:134,10,1,10
BRDA:134,10,2,9
BRF:24
BRH:24
end_of_record
TN:
SF:src/components/mentor/dashboard/ProfileTab.jsx
FN:9,(anonymous_0)
FN:25,(anonymous_1)
FN:49,(anonymous_2)
FNF:3
FNH:3
FNDA:8,(anonymous_0)
FNDA:1,(anonymous_1)
FNDA:1,(anonymous_2)
DA:9,1
DA:10,8
DA:12,8
DA:25,1
DA:49,1
DA:76,1
LF:6
LH:6
BRDA:64,0,0,1
BRDA:64,0,1,7
[...]
FN:73,(anonymous_5)
FNF:6
FNH:6
FNDA:8,(anonymous_0)
FNDA:1,resetMenteeProfile
FNDA:5,(anonymous_2)
FNDA:1,(anonymous_3)
FNDA:1,(anonymous_4)
FNDA:4,(anonymous_5)
DA:8,8
DA:11,8
DA:12,8
DA:13,6
DA:15,6
DA:16,2
DA:19,4
DA:20,4
DA:21,1
DA:23,3
DA:25,3
DA:26,1
DA:28,2
DA:29,1
DA:31,1
DA:34,3
DA:35,1
DA:38,2
DA:46,8
DA:56,1
DA:57,1
DA:58,1
DA:59,1
DA:63,5
DA:65,1
DA:66,1
DA:69,1
DA:70,1
DA:71,1
DA:74,4
DA:76,4
DA:77,1
DA:78,3
DA:79,1
DA:81,4
DA:86,8
LF:36
LH:36
BRDA:15,0,0,2
BRDA:15,0,1,4
BRDA:25,1,0,1
BRDA:25,1,1,2
BRDA:28,2,0,1
BRDA:28,2,1,1
BRDA:34,3,0,1
BRDA:34,3,1,2
BRDA:74,4,0,4
BRDA:74,4,1,1
BRDA:76,5,0,1
BRDA:76,5,1,3
BRDA:78,6,0,1
BRDA:78,6,1,2
BRF:14
BRH:14
end_of_record
TN:
SF:src/store/slices/mentorOnboardingSlice.js
FN:8,(anonymous_0)
FN:26,clearMentorOnboardingMessages
FN:31,(anonymous_2)
FN:33,(anonymous_3)
FN:38,(anonymous_4)
FN:42,(anonymous_5)
FNF:6
FNH:6
FNDA:2,(anonymous_0)
FNDA:1,clearMentorOnboardingMessages
FNDA:5,(anonymous_2)
FNDA:1,(anonymous_3)
FNDA:1,(anonymous_4)
FNDA:1,(anonymous_5)
DA:6,6
DA:9,2
DA:10,2
DA:11,1
DA:13,1
DA:18,6
DA:27,1
DA:28,1
DA:32,5
DA:34,1
DA:35,1
DA:36,1
DA:39,1
DA:40,1
DA:43,1
DA:44,1
DA:49,6
LF:17
LH:17
BRF:0
BRH:0
end_of_record
TN:
SF:src/store/slices/mentorProfileSlice.js
FN:12,(anonymous_0)
FN:14,(anonymous_1)
FN:56,(anonymous_2)
FN:76,resetMentorProfile
FN:83,(anonymous_4)
FN:85,(anonymous_5)
FN:89,(anonymous_6)
FN:94,(anonymous_7)
FN:104,(anonymous_8)
FNF:9
FNH:9
FNDA:7,(anonymous_0)
FNDA:2,(anonymous_1)
FNDA:2,(anonymous_2)
FNDA:1,resetMentorProfile
FNDA:5,(anonymous_4)
FNDA:1,(anonymous_5)
FNDA:1,(anonymous_6)
FNDA:4,(anonymous_7)
FNDA:1,(anonymous_8)
DA:10,7
DA:14,7
DA:15,2
DA:16,2
DA:19,7
DA:20,7
DA:21,5
DA:23,5
DA:24,1
DA:27,4
DA:28,4
DA:29,1
DA:31,3
DA:33,3
DA:34,1
DA:36,2
DA:37,1
DA:39,1
DA:42,3
DA:43,1
DA:46,2
DA:54,7
DA:57,2
DA:58,2
DA:59,1
DA:61,1
DA:62,1
DA:67,7
DA:77,1
DA:78,1
DA:79,1
DA:80,1
DA:84,5
DA:86,1
DA:87,1
DA:90,1
DA:91,1
DA:92,1
DA:95,4
DA:97,4
DA:98,1
DA:99,3
DA:100,1
DA:102,4
DA:105,1
DA:110,7
LF:46
LH:46
BRDA:23,0,0,1
BRDA:23,0,1,4
BRDA:33,1,0,1
BRDA:33,1,1,2
BRDA:36,2,0,1
BRDA:36,2,1,1
BRDA:42,3,0,1
BRDA:42,3,1,2
BRDA:95,4,0,4
BRDA:95,4,1,1
BRDA:97,5,0,1
BRDA:97,5,1,3
BRDA:99,6,0,1
BRDA:99,6,1,2
BRF:14
BRH:14
end_of_record
TN:
SF:src/store/slices/referenceDataSlice.js
FN:9,(anonymous_0)
FN:27,(anonymous_1)
FN:61,invalidateMentorList
FN:66,invalidateIndustries
FN:71,(anonymous_4)
FN:73,(anonymous_5)
FN:80,(anonymous_6)
FN:89,(anonymous_7)
FN:92,(anonymous_8)
FN:98,(anonymous_9)
FN:101,(anonymous_10)
FNF:11
FNH:11
FNDA:5,(anonymous_0)
FNDA:5,(anonymous_1)
FNDA:1,invalidateMentorList
FNDA:1,invalidateIndustries
FNDA:1,(anonymous_4)
FNDA:2,(anonymous_5)
FNDA:2,(anonymous_6)
FNDA:10,(anonymous_7)
FNDA:1,(anonymous_8)
FNDA:10,(anonymous_9)
FNDA:1,(anonymous_10)
DA:5,2
DA:7,2
DA:10,5
DA:11,5
DA:12,1
DA:14,4
DA:15,4
DA:16,2
DA:18,2
DA:25,2
DA:28,5
DA:29,5
DA:33,1
DA:35,4
DA:36,4
DA:39,2
DA:41,2
DA:48,2
DA:62,1
DA:63,1
DA:67,1
DA:68,1
DA:72,1
DA:74,2
DA:75,1
DA:76,1
DA:78,2
DA:81,2
DA:82,1
DA:83,1
DA:84,1
DA:86,2
DA:90,10
DA:93,1
DA:94,1
DA:99,10
DA:102,1
DA:103,1
DA:110,2
LF:39
LH:39
BRDA:11,0,0,1
BRDA:11,0,1,4
BRDA:11,1,0,5
BRDA:11,1,1,2
BRDA:19,2,0,2
BRDA:19,2,1,1
BRDA:27,3,0,5
BRDA:27,4,0,5
BRDA:27,5,0,5
BRDA:29,6,0,1
BRDA:29,6,1,4
BRDA:30,7,0,5
BRDA:30,7,1,1
BRDA:42,8,0,2
BRDA:42,8,1,1
BRDA:74,9,0,1
BRDA:74,9,1,1
BRDA:81,10,0,1
BRDA:81,10,1,1
BRDA:90,11,0,10
BRDA:90,11,1,8
BRDA:99,12,0,10
BRDA:99,12,1,8
BRF:23
BRH:23
end_of_record
TN:
SF:src/store/slices/sharedConnectSlice.js
FN:10,(anonymous_0)
FN:40,resetSharedConnect
FN:46,(anonymous_2)
FN:48,(anonymous_3)
FN:52,(anonymous_4)
FN:56,(anonymous_5)
FNF:6
FNH:6
FNDA:5,(anonymous_0)
FNDA:1,resetSharedConnect
FNDA:5,(anonymous_2)
FNDA:1,(anonymous_3)
FNDA:1,(anonymous_4)
FNDA:3,(anonymous_5)
DA:8,6
DA:11,5
DA:12,5
DA:15,2
DA:17,3
DA:18,3
DA:19,1
DA:21,2
DA:22,1
DA:24,1
DA:32,6
DA:41,1
DA:42,1
DA:43,1
DA:47,5
DA:49,1
DA:50,1
DA:53,1
DA:54,1
DA:57,3
DA:58,3
DA:59,1
DA:61,3
DA:66,6
LF:24
LH:24
BRDA:15,0,0,2
BRDA:15,0,1,1
BRDA:18,1,0,1
BRDA:18,1,1,2
BRDA:21,2,0,1
BRDA:21,2,1,1
BRDA:57,3,0,3
BRDA:57,3,1,1
BRDA:58,4,0,1
BRDA:58,4,1,2
BRF:10
BRH:10
end_of_record
TN:
SF:src/store/slices/uiSlice.js
FN:12,setGlobalError
FN:15,clearGlobalError
FNF:2
FNH:2
FNDA:1,setGlobalError
FNDA:1,clearGlobalError
DA:4,236
DA:8,236
DA:13,1
DA:16,1
DA:21,236
LF:5
LH:5
BRF:0
BRH:0
end_of_record
TN:
SF:src/ui/Footer.jsx
FN:11,Footer
FN:16,(anonymous_1)
FN:28,(anonymous_2)
FN:97,(anonymous_3)
FN:112,(anonymous_4)
FN:116,(anonymous_5)
FN:126,(anonymous_6)
FN:129,(anonymous_7)
FN:138,(anonymous_8)
FN:148,(anonymous_9)
FN:151,(anonymous_10)
FN:188,(anonymous_11)
FN:198,(anonymous_12)
FN:201,(anonymous_13)
FN:213,(anonymous_14)
FN:214,(anonymous_15)
FN:222,(anonymous_16)
FN:229,(anonymous_17)
FN:312,(anonymous_18)
FN:316,(anonymous_19)
FN:339,(anonymous_20)
FN:350,(anonymous_21)
FN:353,(anonymous_22)
FNF:23
FNH:22
FNDA:28,Footer
FNDA:22,(anonymous_1)
FNDA:2,(anonymous_2)
FNDA:84,(anonymous_3)
FNDA:84,(anonymous_4)
FNDA:5,(anonymous_5)
FNDA:1,(anonymous_6)
FNDA:1,(anonymous_7)
FNDA:2,(anonymous_8)
FNDA:1,(anonymous_9)
FNDA:1,(anonymous_10)
FNDA:2,(anonymous_11)
FNDA:1,(anonymous_12)
FNDA:1,(anonymous_13)
FNDA:2,(anonymous_14)
FNDA:0,(anonymous_15)
FNDA:2,(anonymous_16)
FNDA:3,(anonymous_17)
FNDA:1,(anonymous_18)
FNDA:1,(anonymous_19)
FNDA:1,(anonymous_20)
FNDA:1,(anonymous_21)
FNDA:1,(anonymous_22)
DA:5,2
DA:12,28
DA:13,28
DA:14,28
DA:15,28
DA:16,28
DA:17,22
DA:18,22
DA:19,22
DA:20,5
DA:21,17
DA:22,2
DA:25,28
DA:28,28
DA:29,2
DA:30,1
DA:33,28
DA:98,84
DA:113,84
DA:116,5
DA:127,1
DA:130,1
DA:138,2
DA:149,1
DA:152,1
DA:188,2
DA:199,1
DA:202,1
DA:213,2
DA:214,0
DA:222,2
DA:230,3
DA:313,1
DA:314,1
DA:317,1
DA:318,1
DA:339,1
DA:351,1
DA:354,1
LF:39
LH:38
BRDA:18,0,0,0
BRDA:18,0,1,22
BRDA:19,1,0,5
BRDA:19,1,1,17
BRDA:19,2,0,22
BRDA:19,2,1,5
BRDA:21,3,0,2
BRDA:21,3,1,15
BRDA:21,4,0,17
BRDA:21,4,1,17
BRDA:29,5,0,1
BRDA:29,5,1,1
BRDA:30,6,0,1
BRDA:30,6,1,0
BRDA:114,7,0,28
BRDA:114,7,1,56
BRDA:230,8,0,1
BRDA:230,8,1,2
BRF:18
BRH:16
end_of_record
TN:
SF:src/ui/Hero.jsx
FN:8,(anonymous_0)
FN:9,Hero
FN:13,(anonymous_2)
FN:14,(anonymous_3)
FN:16,(anonymous_4)
FN:21,(anonymous_5)
FN:23,(anonymous_6)
FN:43,(anonymous_7)
FN:63,(anonymous_8)
FNF:9
FNH:9
FNDA:4,(anonymous_0)
FNDA:14,Hero
FNDA:9,(anonymous_2)
FNDA:7,(anonymous_3)
FNDA:4,(anonymous_4)
FNDA:9,(anonymous_5)
FNDA:42,(anonymous_6)
FNDA:42,(anonymous_7)
FNDA:42,(anonymous_8)
DA:3,2
DA:8,4
DA:10,14
DA:11,14
DA:13,14
DA:14,9
DA:15,7
DA:16,7
DA:17,4
DA:18,4
DA:21,9
DA:23,42
DA:24,14
DA:44,42
DA:64,42
LF:15
LH:15
BRDA:23,0,0,13
BRDA:23,0,1,29
BRDA:23,1,0,42
BRDA:23,1,1,14
BRDA:71,2,0,14
BRDA:71,2,1,28
BRDA:72,3,0,14
BRDA:72,3,1,28
BRDA:73,4,0,14
BRDA:73,4,1,28
BRDA:82,5,0,13
BRDA:82,5,1,29
BRDA:82,6,0,42
BRDA:82,6,1,14
BRF:14
BRH:14
end_of_record
TN:
SF:src/ui/Missions.jsx
FN:65,Missions
FN:85,(anonymous_1)
FNF:2
FNH:2
FNDA:6,Missions
FNDA:18,(anonymous_1)
DA:1,2
DA:66,6
DA:86,18
LF:3
LH:3
BRF:0
BRH:0
end_of_record
TN:
SF:src/ui/Navbar.jsx
FN:4,Navbar
FN:11,(anonymous_1)
FN:12,(anonymous_2)
FN:18,(anonymous_3)
FN:28,(anonymous_4)
FN:53,(anonymous_5)
FN:53,(anonymous_6)
FN:76,(anonymous_7)
FN:99,(anonymous_8)
FN:123,(anonymous_9)
FN:133,(anonymous_10)
FN:165,(anonymous_11)
FN:174,(anonymous_12)
FN:183,(anonymous_13)
FNF:14
FNH:14
FNDA:36,Navbar
FNDA:19,(anonymous_1)
FNDA:2,(anonymous_2)
FNDA:19,(anonymous_3)
FNDA:2,(anonymous_4)
FNDA:6,(anonymous_5)
FNDA:6,(anonymous_6)
FNDA:1,(anonymous_7)
FNDA:1,(anonymous_8)
FNDA:1,(anonymous_9)
FNDA:5,(anonymous_10)
FNDA:1,(anonymous_11)
FNDA:1,(anonymous_12)
FNDA:1,(anonymous_13)
DA:5,36
DA:6,36
DA:7,36
DA:8,36
DA:11,36
DA:12,19
DA:13,2
DA:14,1
DA:17,19
DA:18,19
DA:21,36
DA:29,2
DA:30,1
DA:32,1
DA:53,6
DA:77,1
DA:78,1
DA:100,1
DA:101,1
DA:123,1
DA:133,5
DA:166,1
DA:167,1
DA:175,1
DA:176,1
DA:184,1
DA:185,1
LF:27
LH:27
BRDA:13,0,0,1
BRDA:13,0,1,1
BRDA:13,1,0,2
BRDA:13,1,1,2
BRDA:29,2,0,1
BRDA:29,2,1,1
BRDA:58,3,0,5
BRDA:58,3,1,31
BRDA:72,4,0,36
BRDA:72,4,1,5
BRDA:142,5,0,4
BRDA:142,5,1,32
BRDA:162,6,0,36
BRDA:162,6,1,4
BRF:14
BRH:14
end_of_record
TN:
SF:src/ui/OnboardingProgressBar.jsx
FN:4,(anonymous_0)
FN:5,(anonymous_1)
FN:13,(anonymous_2)
FNF:3
FNH:3
FNDA:5,(anonymous_0)
FNDA:15,(anonymous_1)
FNDA:5,(anonymous_2)
DA:4,1
DA:5,5
DA:6,15
DA:7,15
DA:8,10
DA:11,5
DA:13,5
DA:14,5
DA:15,3
DA:16,1
DA:18,5
DA:19,5
DA:49,1
LF:13
LH:13
BRDA:7,0,0,5
BRDA:7,0,1,10
BRDA:7,1,0,5
BRDA:7,1,1,4
BRDA:8,2,0,10
BRDA:8,2,1,9
BRDA:8,2,2,8
BRDA:14,3,0,2
BRDA:14,3,1,3
BRDA:15,4,0,2
BRDA:15,4,1,1
BRDA:43,5,0,1
BRDA:43,5,1,4
BRF:13
BRH:13
end_of_record
TN:
SF:src/ui/TermsAndConditionsModal.jsx
FN:13,(anonymous_0)
FN:24,(anonymous_1)
FN:28,(anonymous_2)
FN:39,(anonymous_3)
FN:41,(anonymous_4)
FN:46,(anonymous_5)
FN:61,(anonymous_6)
FN:223,(anonymous_7)
FNF:8
FNH:8
FNDA:48,(anonymous_0)
FNDA:35,(anonymous_1)
FNDA:35,(anonymous_2)
FNDA:35,(anonymous_3)
FNDA:35,(anonymous_4)
FNDA:1,(anonymous_5)
FNDA:9,(anonymous_6)
FNDA:2,(anonymous_7)
DA:13,3
DA:20,48
DA:21,48
DA:22,48
DA:24,48
DA:25,35
DA:28,48
DA:29,35
DA:30,35
DA:31,35
DA:32,16
DA:33,19
DA:34,3
DA:39,48
DA:40,35
DA:41,35
DA:42,35
DA:46,48
DA:47,1
DA:48,1
DA:51,48
DA:62,9
DA:223,2
DA:269,3
LF:24
LH:24
BRDA:17,0,0,48
BRDA:18,1,0,48
BRDA:25,2,0,16
BRDA:25,2,1,19
BRDA:30,3,0,0
BRDA:30,3,1,35
BRDA:31,4,0,16
BRDA:31,4,1,19
BRDA:31,5,0,35
BRDA:31,5,1,16
BRDA:33,6,0,3
BRDA:33,6,1,16
BRDA:33,7,0,19
BRDA:33,7,1,19
BRDA:40,8,0,16
BRDA:40,8,1,19
BRDA:47,9,0,0
BRDA:47,9,1,1
BRDA:62,10,0,1
BRDA:62,10,1,8
BRDA:76,11,0,27
BRDA:76,11,1,21
BRDA:119,12,0,46
BRDA:119,12,1,2
BRDA:122,13,0,46
BRDA:122,13,1,2
BRDA:217,14,0,48
BRDA:217,14,1,21
BRF:28
BRH:26
end_of_record
TN:
SF:src/ui/Testimonials.jsx
FN:13,(anonymous_0)
FN:19,StarRating
FN:22,(anonymous_2)
FN:35,Testimonials
FN:39,(anonymous_4)
FN:40,(anonymous_5)
FN:41,(anonymous_6)
FN:44,(anonymous_7)
FN:47,(anonymous_8)
FN:48,(anonymous_9)
FN:53,(anonymous_10)
FN:81,(anonymous_11)
FN:101,(anonymous_12)
FN:108,(anonymous_13)
FN:117,(anonymous_14)
FN:124,(anonymous_15)
FN:133,(anonymous_16)
FN:136,(anonymous_17)
FN:139,(anonymous_18)
FN:160,(anonymous_19)
FN:166,TestimonialCard
FNF:21
FNH:21
FNDA:12,(anonymous_0)
FNDA:99,StarRating
FNDA:495,(anonymous_2)
FNDA:33,Testimonials
FNDA:33,(anonymous_4)
FNDA:12,(anonymous_5)
FNDA:33,(anonymous_6)
FNDA:18,(anonymous_7)
FNDA:6,(anonymous_8)
FNDA:6,(anonymous_9)
FNDA:33,(anonymous_10)
FNDA:99,(anonymous_11)
FNDA:1,(anonymous_12)
FNDA:1,(anonymous_13)
FNDA:1,(anonymous_14)
FNDA:3,(anonymous_15)
FNDA:198,(anonymous_16)
FNDA:4,(anonymous_17)
FNDA:2,(anonymous_18)
FNDA:99,(anonymous_19)
FNDA:99,TestimonialCard
DA:4,2
DA:13,12
DA:17,2
DA:20,99
DA:23,495
DA:31,2
DA:36,33
DA:37,33
DA:39,33
DA:40,33
DA:41,33
DA:44,33
DA:45,18
DA:46,17
DA:47,17
DA:48,6
DA:49,6
DA:53,33
DA:54,33
DA:55,33
DA:56,33
DA:59,33
DA:62,33
DA:68,33
DA:82,99
DA:101,1
DA:108,1
DA:117,1
DA:124,3
DA:134,198
DA:137,4
DA:138,2
DA:139,2
DA:140,2
DA:141,2
DA:160,2
DA:161,99
DA:162,66
DA:163,0
DA:167,99
DA:196,2
LF:41
LH:40
BRDA:45,0,0,1
BRDA:45,0,1,17
BRDA:112,1,0,8
BRDA:112,1,1,25
BRDA:112,2,0,8
BRDA:112,2,1,25
BRDA:137,3,0,2
BRDA:137,3,1,2
BRDA:137,4,0,4
BRDA:137,4,1,3
BRDA:147,5,0,33
BRDA:147,5,1,165
BRDA:149,6,0,33
BRDA:149,6,1,165
BRDA:161,7,0,33
BRDA:161,7,1,66
BRDA:162,8,0,66
BRDA:162,8,1,0
BRF:18
BRH:17
end_of_record
TN:
SF:src/utils/adminAxiosInstance.js
FN:18,(anonymous_0)
FN:32,(anonymous_1)
FNF:2
FNH:2
FNDA:5,(anonymous_0)
FNDA:4,(anonymous_1)
DA:5,9
DA:17,9
DA:19,5
DA:20,1
DA:24,1
DA:27,4
DA:28,1
DA:30,4
DA:33,4
DA:39,4
DA:40,1
DA:46,4
DA:47,1
DA:49,4
LF:14
LH:14
BRDA:6,0,0,9
BRDA:6,0,1,0
BRDA:19,1,0,1
BRDA:19,1,1,4
BRDA:19,2,0,5
BRDA:19,2,1,4
BRDA:27,3,0,1
BRDA:27,3,1,3
BRDA:27,4,0,4
BRDA:27,4,1,2
BRDA:37,5,0,4
BRDA:37,5,1,2
BRDA:39,6,0,1
BRDA:39,6,1,3
BRDA:46,7,0,1
BRDA:46,7,1,3
BRF:16
BRH:15
end_of_record
TN:
SF:src/utils/axiosInstance.js
FN:16,(anonymous_0)
FN:22,(anonymous_1)
FN:39,(anonymous_2)
FN:66,(anonymous_3)
FN:73,(anonymous_4)
FN:73,(anonymous_5)
FN:75,(anonymous_6)
FN:76,(anonymous_7)
FN:86,(anonymous_8)
FN:104,(anonymous_9)
FN:130,(anonymous_10)
FN:137,(anonymous_11)
FN:156,(anonymous_12)
FN:159,(anonymous_13)
FN:160,(anonymous_14)
FN:162,(anonymous_15)
FN:168,(anonymous_16)
FN:188,(anonymous_17)
FN:203,(anonymous_18)
FN:224,(anonymous_19)
FNF:20
FNH:20
FNDA:311,(anonymous_0)
FNDA:148,(anonymous_1)
FNDA:148,(anonymous_2)
FNDA:38,(anonymous_3)
FNDA:8,(anonymous_4)
FNDA:8,(anonymous_5)
FNDA:3,(anonymous_6)
FNDA:2,(anonymous_7)
FNDA:38,(anonymous_8)
FNDA:38,(anonymous_9)
FNDA:38,(anonymous_10)
FNDA:38,(anonymous_11)
FNDA:9,(anonymous_12)
FNDA:2,(anonymous_13)
FNDA:2,(anonymous_14)
FNDA:2,(anonymous_15)
FNDA:3,(anonymous_16)
FNDA:10,(anonymous_17)
FNDA:112,(anonymous_18)
FNDA:38,(anonymous_19)
DA:16,249
DA:17,311
DA:22,249
DA:23,148
DA:26,249
DA:39,249
DA:40,148
DA:41,148
DA:42,11
DA:45,148
DA:50,148
DA:51,148
DA:52,131
DA:55,148
DA:59,249
DA:60,249
DA:63,249
DA:64,249
DA:66,249
DA:67,38
DA:68,22
DA:69,17
DA:70,17
DA:73,249
DA:75,249
DA:76,3
DA:77,2
DA:78,2
DA:80,3
DA:86,249
DA:92,38
DA:94,38
DA:96,38
DA:98,35
DA:104,249
DA:108,38
DA:109,1
DA:122,249
DA:130,249
DA:131,38
DA:132,38
DA:133,10
DA:137,249
DA:138,38
DA:140,11
DA:141,38
DA:143,8
DA:144,8
DA:146,8
DA:151,38
DA:152,8
DA:156,249
DA:157,9
DA:159,249
DA:160,2
DA:161,2
DA:164,2
DA:165,2
DA:168,249
DA:169,3
DA:170,3
DA:172,3
DA:173,3
DA:174,2
DA:175,2
DA:177,2
DA:178,2
DA:180,1
DA:181,1
DA:182,1
DA:184,3
DA:188,249
DA:189,10
DA:192,9
DA:193,4
DA:194,4
DA:197,5
DA:199,3
DA:202,249
DA:207,112
DA:211,112
DA:212,2
DA:216,2
DA:219,110
DA:220,86
DA:222,110
DA:225,38
DA:226,38
DA:227,38
DA:229,38
DA:230,38
DA:231,38
DA:233,38
DA:234,34
DA:236,30
DA:237,10
DA:238,5
DA:241,21
LF:98
LH:98
BRDA:23,0,0,145
BRDA:23,0,1,3
BRDA:23,1,0,148
BRDA:23,1,1,146
BRDA:27,2,0,249
BRDA:27,2,1,0
BRDA:34,3,0,249
BRDA:34,3,1,0
BRDA:41,4,0,11
BRDA:41,4,1,137
BRDA:50,5,0,148
BRDA:50,5,1,148
BRDA:51,6,0,131
BRDA:51,6,1,17
BRDA:51,7,0,148
BRDA:51,7,1,144
BRDA:67,8,0,16
BRDA:67,8,1,22
BRDA:68,9,0,5
BRDA:68,9,1,17
BRDA:70,10,0,17
BRDA:70,10,1,16
BRDA:75,11,0,3
BRDA:77,12,0,0
BRDA:77,12,1,2
BRDA:92,13,0,38
BRDA:92,13,1,10
BRDA:94,14,0,38
BRDA:94,14,1,2
BRDA:96,15,0,3
BRDA:96,15,1,35
BRDA:96,16,0,38
BRDA:96,16,1,36
BRDA:99,17,0,38
BRDA:99,17,1,11
BRDA:100,18,0,38
BRDA:100,18,1,30
BRDA:108,19,0,37
BRDA:108,19,1,1
BRDA:132,20,0,28
BRDA:132,20,1,10
BRDA:138,21,0,27
BRDA:138,21,1,11
BRDA:140,22,0,11
BRDA:140,22,1,5
BRDA:141,23,0,3
BRDA:141,23,1,35
BRDA:148,24,0,38
BRDA:148,24,1,3
BRDA:157,25,0,9
BRDA:157,25,1,7
BRDA:157,25,2,6
BRDA:189,26,0,1
BRDA:189,26,1,9
BRDA:192,27,0,4
BRDA:192,27,1,5
BRDA:197,28,0,2
BRDA:197,28,1,3
BRDA:207,29,0,112
BRDA:207,29,1,111
BRDA:207,29,2,109
BRDA:211,30,0,2
BRDA:211,30,1,110
BRDA:211,31,0,112
BRDA:211,31,1,109
BRDA:211,31,2,107
BRDA:219,32,0,86
BRDA:219,32,1,24
BRDA:219,33,0,110
BRDA:219,33,1,87
BRDA:234,34,0,4
BRDA:234,34,1,30
BRDA:236,35,0,10
BRDA:236,35,1,20
BRDA:238,36,0,4
BRDA:238,36,1,1
BRF:76
BRH:73
end_of_record
TN:
SF:src/utils/getErrorMessage.js
FN:3,(anonymous_0)
FN:14,(anonymous_1)
FNF:2
FNH:2
FNDA:35,(anonymous_0)
FNDA:2,(anonymous_1)
DA:3,253
DA:4,35
DA:5,35
DA:8,35
DA:9,2
DA:13,33
DA:14,2
DA:17,32
DA:18,1
DA:22,31
DA:23,13
DA:26,18
LF:12
LH:12
BRDA:3,0,0,35
BRDA:8,1,0,2
BRDA:8,1,1,33
BRDA:9,2,0,2
BRDA:9,2,1,1
BRDA:13,3,0,1
BRDA:13,3,1,32
BRDA:13,4,0,33
BRDA:13,4,1,4
BRDA:13,4,2,2
BRDA:17,5,0,1
BRDA:17,5,1,31
BRDA:22,6,0,13
BRDA:22,6,1,18
BRDA:26,7,0,18
BRDA:26,7,1,12
BRDA:26,7,2,3
BRF:17
BRH:17
end_of_record
TN:
SF:src/utils/logger.js
FN:28,(anonymous_0)
FN:30,(anonymous_1)
FN:33,(anonymous_2)
FN:41,(anonymous_3)
FN:55,(anonymous_4)
FN:76,(anonymous_5)
FN:81,(anonymous_6)
FN:93,(anonymous_7)
FN:94,(anonymous_8)
FN:95,(anonymous_9)
FN:96,(anonymous_10)
FNF:11
FNH:10
FNDA:120,(anonymous_0)
FNDA:762,(anonymous_1)
FNDA:169,(anonymous_2)
FNDA:4,(anonymous_3)
FNDA:32,(anonymous_4)
FNDA:0,(anonymous_5)
FNDA:32,(anonymous_6)
FNDA:1,(anonymous_7)
FNDA:4,(anonymous_8)
FNDA:4,(anonymous_9)
FNDA:23,(anonymous_10)
DA:8,266
DA:10,266
DA:12,266
DA:18,266
DA:28,266
DA:29,120
DA:30,762
DA:33,266
DA:34,169
DA:36,73
DA:37,1
DA:40,72
DA:41,4
DA:44,70
DA:45,70
DA:46,120
DA:48,70
DA:55,266
DA:56,32
DA:58,31
DA:68,32
DA:81,266
DA:82,32
DA:84,32
DA:86,31
DA:89,32
DA:92,266
DA:93,1
DA:94,4
DA:95,4
DA:96,23
LF:31
LH:31
BRDA:10,0,0,266
BRDA:10,0,1,266
BRDA:33,1,0,169
BRDA:34,2,0,96
BRDA:34,2,1,73
BRDA:34,3,0,169
BRDA:34,3,1,167
BRDA:34,3,2,165
BRDA:36,4,0,1
BRDA:36,4,1,72
BRDA:40,5,0,2
BRDA:40,5,1,70
BRDA:46,6,0,18
BRDA:46,6,1,102
BRDA:56,7,0,1
BRDA:56,7,1,31
BRDA:84,8,0,31
BRDA:84,8,1,1
BRDA:86,9,0,31
BRDA:86,9,1,2
BRF:20
BRH:20
end_of_record
TN:
SF:src/utils/mapServerErrorsToForm.js
FN:22,mapServerErrorsToForm
FN:28,(anonymous_1)
FNF:2
FNH:2
FNDA:12,mapServerErrorsToForm
FNDA:6,(anonymous_1)
DA:23,12
DA:26,12
DA:27,5
DA:28,5
DA:29,6
DA:30,5
DA:34,6
DA:36,5
DA:44,8
DA:46,12
LF:10
LH:10
BRDA:22,0,0,12
BRDA:22,1,0,12
BRDA:26,2,0,5
BRDA:26,2,1,7
BRDA:26,3,0,12
BRDA:26,3,1,5
BRDA:29,4,0,1
BRDA:29,4,1,5
BRDA:32,5,0,1
BRDA:32,5,1,4
BRDA:36,6,0,4
BRDA:36,6,1,1
BRDA:44,7,0,8
BRDA:44,7,1,2
BRDA:44,7,2,1
BRF:15
BRH:15
end_of_record
TN:
SF:src/utils/onboardingValidation.js
FN:7,(anonymous_0)
FN:9,(anonymous_1)
FN:20,(anonymous_2)
FN:35,(anonymous_3)
FN:45,(anonymous_4)
FN:55,(anonymous_5)
FNF:6
FNH:6
FNDA:20,(anonymous_0)
FNDA:15,(anonymous_1)
FNDA:12,(anonymous_2)
FNDA:4,(anonymous_3)
FNDA:2,(anonymous_4)
FNDA:2,(anonymous_5)
DA:7,20
DA:9,1
DA:10,15
DA:11,4
DA:12,4
DA:13,4
DA:15,3
DA:20,1
DA:21,12
DA:22,10
DA:23,9
DA:24,8
DA:25,1
DA:26,7
DA:27,6
DA:28,6
DA:29,5
DA:30,5
DA:31,4
DA:35,1
DA:36,4
DA:37,4
DA:38,3
DA:39,1
DA:40,2
DA:41,1
DA:45,1
DA:46,2
DA:47,2
DA:48,2
DA:49,2
DA:50,2
DA:51,2
DA:52,2
DA:55,1
DA:56,2
DA:57,2
DA:58,2
DA:59,2
DA:60,2
DA:61,2
LF:41
LH:41
BRDA:7,0,0,20
BRDA:7,0,1,15
BRDA:10,1,0,11
BRDA:10,1,1,4
BRDA:21,2,0,2
BRDA:21,2,1,10
BRDA:22,3,0,1
BRDA:22,3,1,9
BRDA:23,4,0,1
BRDA:23,4,1,8
BRDA:24,5,0,1
BRDA:24,5,1,7
BRDA:26,6,0,1
BRDA:26,6,1,6
BRDA:27,7,0,1
BRDA:27,7,1,5
BRDA:29,8,0,1
BRDA:29,8,1,4
BRDA:37,9,0,1
BRDA:37,9,1,3
BRDA:38,10,0,1
BRDA:38,10,1,2
BRDA:40,11,0,1
BRDA:40,11,1,1
BRDA:47,12,0,1
BRDA:47,12,1,1
BRDA:48,13,0,1
BRDA:48,13,1,1
BRDA:49,14,0,1
BRDA:49,14,1,1
BRDA:50,15,0,1
BRDA:50,15,1,1
BRDA:51,16,0,1
BRDA:51,16,1,1
BRDA:57,17,0,1
BRDA:57,17,1,1
BRDA:58,18,0,1
BRDA:58,18,1,1
BRDA:59,19,0,1
BRDA:59,19,1,1
BRDA:60,20,0,1
BRDA:60,20,1,1
BRF:42
BRH:42
end_of_record
TN:
SF:src/utils/storage.js
FN:5,(anonymous_0)
FN:14,(anonymous_1)
FN:24,(anonymous_2)
FN:34,(anonymous_3)
FN:35,(anonymous_4)
FN:36,(anonymous_5)
FN:37,(anonymous_6)
FN:38,(anonymous_7)
FN:47,(anonymous_8)
FN:51,(anonymous_9)
FN:52,(anonymous_10)
FN:53,(anonymous_11)
FN:54,(anonymous_12)
FN:55,(anonymous_13)
FN:60,set
FN:66,get
FN:81,clear
FNF:17
FNH:17
FNDA:17,(anonymous_0)
FNDA:17,(anonymous_1)
FNDA:7,(anonymous_2)
FNDA:11,(anonymous_3)
FNDA:11,(anonymous_4)
FNDA:5,(anonymous_5)
FNDA:1,(anonymous_6)
FNDA:3,(anonymous_7)
FNDA:1,(anonymous_8)
FNDA:3,(anonymous_9)
FNDA:5,(anonymous_10)
FNDA:2,(anonymous_11)
FNDA:1,(anonymous_12)
FNDA:2,(anonymous_13)
FNDA:5,set
FNDA:4,get
FNDA:1,clear
DA:2,254
DA:3,254
DA:5,254
DA:6,17
DA:7,16
DA:8,16
DA:10,1
DA:14,254
DA:15,17
DA:16,16
DA:17,16
DA:18,16
DA:20,1
DA:24,254
DA:25,7
DA:26,6
DA:27,6
DA:33,254
DA:34,11
DA:35,11
DA:36,5
DA:37,1
DA:39,3
DA:40,3
DA:41,2
DA:42,2
DA:44,1
DA:47,1
DA:50,254
DA:51,3
DA:52,5
DA:53,2
DA:54,1
DA:55,2
DA:59,254
DA:61,5
DA:67,4
DA:68,4
DA:69,3
DA:70,3
DA:71,3
DA:72,1
DA:73,1
DA:75,1
DA:77,1
DA:78,1
DA:82,1
LF:47
LH:47
BRDA:6,0,0,1
BRDA:6,0,1,16
BRDA:15,1,0,1
BRDA:15,1,1,16
BRDA:25,2,0,1
BRDA:25,2,1,6
BRDA:37,3,0,1
BRDA:37,3,1,1
BRDA:40,4,0,1
BRDA:40,4,1,2
BRDA:54,5,0,1
BRDA:54,5,1,1
BRDA:55,6,0,1
BRDA:55,6,1,1
BRDA:60,7,0,5
BRDA:68,8,0,1
BRDA:68,8,1,3
BRDA:71,9,0,1
BRDA:71,9,1,2
BRF:19
BRH:19
end_of_record
TN:
SF:src/utils/withProfiler.jsx
FN:13,onRenderCallback
FN:30,withProfiler
FN:31,ProfiledComponent
FNF:3
FNH:3
FNDA:4,onRenderCallback
FNDA:3,withProfiler
FNDA:4,ProfiledComponent
DA:21,4
DA:22,3
DA:31,3
DA:32,4
LF:4
LH:4
BRDA:21,0,0,3
BRDA:21,0,1,1
BRF:2
BRH:2
end_of_record
